#
# A fatal error has been detected by the Java Runtime Environment:
#
#  EXCEPTION_ACCESS_VIOLATION (0xc0000005) at pc=0x00007ffcbcc8d1b9, pid=22256, tid=19328
#
# JRE version: Java(TM) SE Runtime Environment (15.0.2+7) (build 15.0.2+7-27)
# Java VM: Java HotSpot(TM) 64-Bit Server VM (15.0.2+7-27, mixed mode, sharing, tiered, compressed oops, g1 gc, windows-amd64)
# Problematic frame:
# C  [ig11icd64.dll+0x5bd1b9]
#
# No core dump will be written. Minidumps are not enabled by default on client versions of Windows
#
# If you would like to submit a bug report, please visit:
#   https://bugreport.java.com/bugreport/crash.jsp
#

---------------  S U M M A R Y ------------

Command Line: -Djava.library.path=C:\Users\STEVEN~1\AppData\Local\Temp\\natives1912905083 engine.MainGameLoop

Host: Intel(R) Core(TM) i7-1065G7 CPU @ 1.30GHz, 8 cores, 15G,  Windows 10 , 64 bit Build 19041 (10.0.19041.1023)
Time: Sat Jul 10 13:47:57 2021 AUS Eastern Standard Time elapsed time: 0.429129 seconds (0d 0h 0m 0s)

---------------  T H R E A D  ---------------

Current thread (0x00000220d1c25910):  VMThread "VM Thread" [stack: 0x000000d158a00000,0x000000d158b00000] [id=19328]

Stack: [0x000000d158a00000,0x000000d158b00000],  sp=0x000000d158afe730,  free space=1017k
Native frames: (J=compiled Java code, j=interpreted, Vv=VM code, C=native code)
C  [ig11icd64.dll+0x5bd1b9]


siginfo: EXCEPTION_ACCESS_VIOLATION (0xc0000005), reading address 0x00000000000352f8


Register to memory mapping:

RIP=0x00007ffcbcc8d1b9 ig11icd64.dll
RAX=0x00000220d7d30730 points into unknown readable memory: 0x0000000000000015 | 15 00 00 00 00 00 00 00
RBX=0x00000220d7d30620 points into unknown readable memory: 0x00000220d27ebf20 | 20 bf 7e d2 20 02 00 00
RCX=0x0 is NULL
RDX=0x00000220d7d306f0 points into unknown readable memory: 0x0000000000000000 | 00 00 00 00 00 00 00 00
RSP=0x000000d158afe730 points into unknown readable memory: 0x00000220d27936d0 | d0 36 79 d2 20 02 00 00
RBP=0x0 is NULL
RSI=0x00000220d7d30b38 points into unknown readable memory: 0x0000000000000000 | 00 00 00 00 00 00 00 00
RDI=0x00000220d278d4f0 points into unknown readable memory: 0x0000000000000000 | 00 00 00 00 00 00 00 00
R8 =0x0000000000000008 is an unknown value
R9 =0x0 is NULL
R10=0x0 is NULL
R11=0x0000000000000246 is an unknown value
R12=0x0 is NULL
R13=0x0 is NULL
R14=0x0 is NULL
R15=0x0 is NULL


Registers:
RAX=0x00000220d7d30730, RBX=0x00000220d7d30620, RCX=0x0000000000000000, RDX=0x00000220d7d306f0
RSP=0x000000d158afe730, RBP=0x0000000000000000, RSI=0x00000220d7d30b38, RDI=0x00000220d278d4f0
R8 =0x0000000000000008, R9 =0x0000000000000000, R10=0x0000000000000000, R11=0x0000000000000246
R12=0x0000000000000000, R13=0x0000000000000000, R14=0x0000000000000000, R15=0x0000000000000000
RIP=0x00007ffcbcc8d1b9, EFLAGS=0x0000000000010206

Top of Stack: (sp=0x000000d158afe730)
0x000000d158afe730:   00000220d27936d0 b3bc0128c3ba0065
0x000000d158afe740:   000000d158afe778 0000005400000000
0x000000d158afe750:   00007ffcbd66ae80 0000000000000016
0x000000d158afe760:   00000220d7c9d6d0 0000000000000058
0x000000d158afe770:   0000000000000000 00007ffcbcc6e6f2
0x000000d158afe780:   00000220d27936d0 00000220d278d4f0
0x000000d158afe790:   000000d158afe880 0000000000000000
0x000000d158afe7a0:   0000000000000694 0000000000000000
0x000000d158afe7b0:   0bdd00d130dc0062 d5df0126ebdd0141
0x000000d158afe7c0:   f5e00136d8df0122 f5e3012f19e301c8
0x000000d158afe7d0:   19e6014c2ce40146 16e7012bb9e6009b
0x000000d158afe7e0:   ebe7013b9be70130 b9ea00f5d1e90140
0x000000d158afe7f0:   0ef0009c4aed004f 3af0012129f0014e
0x000000d158afe800:   9ff1011e55f000dd 9ef3014089f30143
0x000000d158afe810:   79f4012806f400d3 c8f4007aadf4013d
0x000000d158afe820:   0000b802008a0000 0000000000000694 

Instructions: (pc=0x00007ffcbcc8d1b9)
0x00007ffcbcc8d0b9:   30 44 38 24 01 75 05 e8 b3 10 f9 ff 65 48 8b 04
0x00007ffcbcc8d0c9:   25 58 00 00 00 41 be 10 00 00 00 48 8b 04 30 4d
0x00007ffcbcc8d0d9:   8b 34 06 48 85 ed 0f 84 6f 03 00 00 66 66 66 0f
0x00007ffcbcc8d0e9:   1f 84 00 00 00 00 00 48 8b dd 48 8d b5 18 05 00
0x00007ffcbcc8d0f9:   00 48 8b 2e 45 84 ff 74 1d 48 8b 0b 48 8b d3 80
0x00007ffcbcc8d109:   bb 6a 05 00 00 00 0f 85 f2 02 00 00 e8 16 66 fe
0x00007ffcbcc8d119:   ff e9 f4 02 00 00 8b 8f d0 01 00 00 48 8b 05 24
0x00007ffcbcc8d129:   15 8e 00 83 b8 54 03 00 00 02 0f 85 f4 00 00 00
0x00007ffcbcc8d139:   48 8d 93 d0 00 00 00 83 f9 10 73 04 8b c1 eb 56
0x00007ffcbcc8d149:   44 8d 41 f0 41 8b c0 c1 e8 04 83 f8 03 73 20 0f
0x00007ffcbcc8d159:   ae e8 41 83 e0 0f 4c 8b 8c c2 00 04 00 00 4d 85
0x00007ffcbcc8d169:   c9 74 25 41 8b c0 48 c1 e0 06 49 03 c1 eb 2e 48
0x00007ffcbcc8d179:   8b 82 18 04 00 00 48 85 c0 74 0d 39 08 74 29 48
0x00007ffcbcc8d189:   8b 40 48 48 85 c0 75 f3 80 ba 20 04 00 00 00 74
0x00007ffcbcc8d199:   1d 8b c1 83 e0 0f 48 c1 e0 06 48 03 c2 48 85 c0
0x00007ffcbcc8d1a9:   74 0c 48 8b 48 08 eb 08 48 83 c0 08 eb ef 33 c9
0x00007ffcbcc8d1b9:   49 3b 8e f8 52 03 00 76 6b 48 8b 87 80 02 00 00
0x00007ffcbcc8d1c9:   48 89 06 48 89 9f 80 02 00 00 ff 87 88 02 00 00
0x00007ffcbcc8d1d9:   48 8b 4b 08 48 8b 01 ba 01 00 00 00 48 8b 80 d8
0x00007ffcbcc8d1e9:   02 00 00 ff 15 0e 74 58 00 0f b7 c8 48 2b c1 48
0x00007ffcbcc8d1f9:   05 00 00 01 00 48 01 87 90 02 00 00 48 8b 4b 08
0x00007ffcbcc8d209:   48 8b 01 ba 01 00 00 00 48 8b 80 d8 02 00 00 ff
0x00007ffcbcc8d219:   15 e2 73 58 00 48 01 87 a0 02 00 00 41 b4 01 e9
0x00007ffcbcc8d229:   e6 01 00 00 44 8b 9f d0 01 00 00 48 8b 87 e8 01
0x00007ffcbcc8d239:   00 00 4c 8b 10 8b 8f d0 01 00 00 48 8d 93 d0 00
0x00007ffcbcc8d249:   00 00 83 f9 10 73 04 8b c1 eb 57 44 8d 41 f0 41
0x00007ffcbcc8d259:   8b c0 c1 e8 04 83 f8 03 73 20 0f ae e8 41 83 e0
0x00007ffcbcc8d269:   0f 4c 8b 8c c2 00 04 00 00 4d 85 c9 74 26 41 8b
0x00007ffcbcc8d279:   c0 48 c1 e0 06 49 03 c1 eb 2f 48 8b 82 18 04 00
0x00007ffcbcc8d289:   00 48 85 c0 74 0e 90 39 08 74 3c 48 8b 40 48 48
0x00007ffcbcc8d299:   85 c0 75 f3 80 ba 20 04 00 00 00 74 1b 8b c1 83
0x00007ffcbcc8d2a9:   e0 0f 48 c1 e0 06 48 03 c2 48 85 c0 74 0a 4c 39 


Stack slot to memory mapping:
stack at sp + 0 slots: 0x00000220d27936d0 points into unknown readable memory: 0xffffffffffffffff | ff ff ff ff ff ff ff ff
stack at sp + 1 slots: 0xb3bc0128c3ba0065 is an unknown value
stack at sp + 2 slots: 0x000000d158afe778 points into unknown readable memory: 0x00007ffcbcc6e6f2 | f2 e6 c6 bc fc 7f 00 00
stack at sp + 3 slots: 0x0000005400000000 is an unknown value
stack at sp + 4 slots: 0x00007ffcbd66ae80 ig11icd64.dll
stack at sp + 5 slots: 0x0000000000000016 is an unknown value
stack at sp + 6 slots: 0x00000220d7c9d6d0 points into unknown readable memory: 0x0000000000000000 | 00 00 00 00 00 00 00 00
stack at sp + 7 slots: 0x0000000000000058 is an unknown value

VM_Operation (0x000000d1584fef60): Exit, mode: safepoint, requested by thread 0x00000220ae71df00


---------------  P R O C E S S  ---------------

Threads class SMR info:
_java_thread_list=0x00000220d7fda1f0, length=13, elements={
0x00000220ae71df00, 0x00000220d1c290b0, 0x00000220d1c2bba0, 0x00000220d25462a0,
0x00000220d2546c60, 0x00000220d2548630, 0x00000220d254a730, 0x00000220d2557820,
0x00000220d255a530, 0x00000220d2675f80, 0x00000220d267dfa0, 0x00000220d8175fa0,
0x00000220d7fb3fd0
}

Java Threads: ( => current thread )
  0x00000220ae71df00 JavaThread "main" [_thread_blocked, id=6692, stack(0x000000d158400000,0x000000d158500000)]
  0x00000220d1c290b0 JavaThread "Reference Handler" daemon [_thread_blocked, id=14792, stack(0x000000d158b00000,0x000000d158c00000)]
  0x00000220d1c2bba0 JavaThread "Finalizer" daemon [_thread_blocked, id=10816, stack(0x000000d158c00000,0x000000d158d00000)]
  0x00000220d25462a0 JavaThread "Signal Dispatcher" daemon [_thread_blocked, id=21712, stack(0x000000d158d00000,0x000000d158e00000)]
  0x00000220d2546c60 JavaThread "Attach Listener" daemon [_thread_blocked, id=7276, stack(0x000000d158e00000,0x000000d158f00000)]
  0x00000220d2548630 JavaThread "Service Thread" daemon [_thread_blocked, id=724, stack(0x000000d158f00000,0x000000d159000000)]
  0x00000220d254a730 JavaThread "C2 CompilerThread0" daemon [_thread_blocked, id=19772, stack(0x000000d159000000,0x000000d159100000)]
  0x00000220d2557820 JavaThread "C1 CompilerThread0" daemon [_thread_blocked, id=15920, stack(0x000000d159100000,0x000000d159200000)]
  0x00000220d255a530 JavaThread "Sweeper thread" daemon [_thread_blocked, id=19448, stack(0x000000d159200000,0x000000d159300000)]
  0x00000220d2675f80 JavaThread "Notification Thread" daemon [_thread_blocked, id=6536, stack(0x000000d159300000,0x000000d159400000)]
  0x00000220d267dfa0 JavaThread "Common-Cleaner" daemon [_thread_blocked, id=14896, stack(0x000000d159500000,0x000000d159600000)]
  0x00000220d8175fa0 JavaThread "Java2D Disposer" daemon [_thread_blocked, id=15064, stack(0x000000d159b00000,0x000000d159c00000)]
  0x00000220d7fb3fd0 JavaThread "C2 CompilerThread1" daemon [_thread_blocked, id=23688, stack(0x000000d159c00000,0x000000d159d00000)]

Other Threads:
=>0x00000220d1c25910 VMThread "VM Thread" [stack: 0x000000d158a00000,0x000000d158b00000] [id=19328]
  0x00000220ae76e110 GCTaskThread "GC Thread#0" [stack: 0x000000d158500000,0x000000d158600000] [id=14396]
  0x00000220ae77fdd0 ConcurrentGCThread "G1 Main Marker" [stack: 0x000000d158600000,0x000000d158700000] [id=24252]
  0x00000220ae7818e0 ConcurrentGCThread "G1 Conc#0" [stack: 0x000000d158700000,0x000000d158800000] [id=17852]
  0x00000220d1aa20c0 ConcurrentGCThread "G1 Refine#0" [stack: 0x000000d158800000,0x000000d158900000] [id=20152]
  0x00000220d1aa2bd0 ConcurrentGCThread "G1 Young RemSet Sampling" [stack: 0x000000d158900000,0x000000d158a00000] [id=17932]

Threads with active compile tasks:

VM state: at safepoint (shutting down)

VM Mutex/Monitor currently owned by a thread:  ([mutex/lock_event])
[0x00000220ae719d30] Threads_lock - owner thread: 0x00000220d1c25910
[0x00000220ae719dc0] Heap_lock - owner thread: 0x00000220ae71df00

Heap address: 0x0000000705200000, size: 4014 MB, Compressed Oops mode: Zero based, Oop shift amount: 3
CDS archive(s) mapped at: [0x0000000800000000-0x0000000800b50000-0x0000000800b50000), size 11862016, SharedBaseAddress: 0x0000000800000000, ArchiveRelocationMode: 0.
Compressed class space mapped at: 0x0000000800b50000-0x0000000840b50000, size: 1073741824
Narrow klass base: 0x0000000800000000, Narrow klass shift: 3, Narrow klass range: 0x100000000

GC Precious Log:
 CPUs: 8 total, 8 available
 Memory: 16049M
 Large Page Support: Disabled
 NUMA Support: Disabled
 Compressed Oops: Enabled (Zero based)
 Heap Region Size: 2M
 Heap Min Capacity: 8M
 Heap Initial Capacity: 252M
 Heap Max Capacity: 4014M
 Pre-touch: Disabled
 Parallel Workers: 8
 Concurrent Workers: 2
 Concurrent Refinement Workers: 8
 Periodic GC: Disabled

Heap:
 garbage-first heap   total 258048K, used 8192K [0x0000000705200000, 0x0000000800000000)
  region size 2048K, 4 young (8192K), 0 survivors (0K)
 Metaspace       used 5826K, capacity 5922K, committed 6272K, reserved 1056768K
  class space    used 493K, capacity 536K, committed 640K, reserved 1048576K

Heap Regions: E=young(eden), S=young(survivor), O=old, HS=humongous(starts), HC=humongous(continues), CS=collection set, F=free, OA=open archive, CA=closed archive, TAMS=top-at-mark-start (previous, next)
|   0|0x0000000705200000, 0x0000000705400000, 0x0000000705400000|100%|HS|  |TAMS 0x0000000705200000, 0x0000000705200000| Complete 
|   1|0x0000000705400000, 0x0000000705400000, 0x0000000705600000|  0%| F|  |TAMS 0x0000000705400000, 0x0000000705400000| Untracked 
|   2|0x0000000705600000, 0x0000000705600000, 0x0000000705800000|  0%| F|  |TAMS 0x0000000705600000, 0x0000000705600000| Untracked 
|   3|0x0000000705800000, 0x0000000705800000, 0x0000000705a00000|  0%| F|  |TAMS 0x0000000705800000, 0x0000000705800000| Untracked 
|   4|0x0000000705a00000, 0x0000000705a00000, 0x0000000705c00000|  0%| F|  |TAMS 0x0000000705a00000, 0x0000000705a00000| Untracked 
|   5|0x0000000705c00000, 0x0000000705c00000, 0x0000000705e00000|  0%| F|  |TAMS 0x0000000705c00000, 0x0000000705c00000| Untracked 
|   6|0x0000000705e00000, 0x0000000705e00000, 0x0000000706000000|  0%| F|  |TAMS 0x0000000705e00000, 0x0000000705e00000| Untracked 
|   7|0x0000000706000000, 0x0000000706000000, 0x0000000706200000|  0%| F|  |TAMS 0x0000000706000000, 0x0000000706000000| Untracked 
|   8|0x0000000706200000, 0x0000000706200000, 0x0000000706400000|  0%| F|  |TAMS 0x0000000706200000, 0x0000000706200000| Untracked 
|   9|0x0000000706400000, 0x0000000706400000, 0x0000000706600000|  0%| F|  |TAMS 0x0000000706400000, 0x0000000706400000| Untracked 
|  10|0x0000000706600000, 0x0000000706600000, 0x0000000706800000|  0%| F|  |TAMS 0x0000000706600000, 0x0000000706600000| Untracked 
|  11|0x0000000706800000, 0x0000000706800000, 0x0000000706a00000|  0%| F|  |TAMS 0x0000000706800000, 0x0000000706800000| Untracked 
|  12|0x0000000706a00000, 0x0000000706a00000, 0x0000000706c00000|  0%| F|  |TAMS 0x0000000706a00000, 0x0000000706a00000| Untracked 
|  13|0x0000000706c00000, 0x0000000706c00000, 0x0000000706e00000|  0%| F|  |TAMS 0x0000000706c00000, 0x0000000706c00000| Untracked 
|  14|0x0000000706e00000, 0x0000000706e00000, 0x0000000707000000|  0%| F|  |TAMS 0x0000000706e00000, 0x0000000706e00000| Untracked 
|  15|0x0000000707000000, 0x0000000707000000, 0x0000000707200000|  0%| F|  |TAMS 0x0000000707000000, 0x0000000707000000| Untracked 
|  16|0x0000000707200000, 0x0000000707200000, 0x0000000707400000|  0%| F|  |TAMS 0x0000000707200000, 0x0000000707200000| Untracked 
|  17|0x0000000707400000, 0x0000000707400000, 0x0000000707600000|  0%| F|  |TAMS 0x0000000707400000, 0x0000000707400000| Untracked 
|  18|0x0000000707600000, 0x0000000707600000, 0x0000000707800000|  0%| F|  |TAMS 0x0000000707600000, 0x0000000707600000| Untracked 
|  19|0x0000000707800000, 0x0000000707800000, 0x0000000707a00000|  0%| F|  |TAMS 0x0000000707800000, 0x0000000707800000| Untracked 
|  20|0x0000000707a00000, 0x0000000707a00000, 0x0000000707c00000|  0%| F|  |TAMS 0x0000000707a00000, 0x0000000707a00000| Untracked 
|  21|0x0000000707c00000, 0x0000000707c00000, 0x0000000707e00000|  0%| F|  |TAMS 0x0000000707c00000, 0x0000000707c00000| Untracked 
|  22|0x0000000707e00000, 0x0000000707e00000, 0x0000000708000000|  0%| F|  |TAMS 0x0000000707e00000, 0x0000000707e00000| Untracked 
|  23|0x0000000708000000, 0x0000000708000000, 0x0000000708200000|  0%| F|  |TAMS 0x0000000708000000, 0x0000000708000000| Untracked 
|  24|0x0000000708200000, 0x0000000708200000, 0x0000000708400000|  0%| F|  |TAMS 0x0000000708200000, 0x0000000708200000| Untracked 
|  25|0x0000000708400000, 0x0000000708400000, 0x0000000708600000|  0%| F|  |TAMS 0x0000000708400000, 0x0000000708400000| Untracked 
|  26|0x0000000708600000, 0x0000000708600000, 0x0000000708800000|  0%| F|  |TAMS 0x0000000708600000, 0x0000000708600000| Untracked 
|  27|0x0000000708800000, 0x0000000708800000, 0x0000000708a00000|  0%| F|  |TAMS 0x0000000708800000, 0x0000000708800000| Untracked 
|  28|0x0000000708a00000, 0x0000000708a00000, 0x0000000708c00000|  0%| F|  |TAMS 0x0000000708a00000, 0x0000000708a00000| Untracked 
|  29|0x0000000708c00000, 0x0000000708c00000, 0x0000000708e00000|  0%| F|  |TAMS 0x0000000708c00000, 0x0000000708c00000| Untracked 
|  30|0x0000000708e00000, 0x0000000708e00000, 0x0000000709000000|  0%| F|  |TAMS 0x0000000708e00000, 0x0000000708e00000| Untracked 
|  31|0x0000000709000000, 0x0000000709000000, 0x0000000709200000|  0%| F|  |TAMS 0x0000000709000000, 0x0000000709000000| Untracked 
|  32|0x0000000709200000, 0x0000000709200000, 0x0000000709400000|  0%| F|  |TAMS 0x0000000709200000, 0x0000000709200000| Untracked 
|  33|0x0000000709400000, 0x0000000709400000, 0x0000000709600000|  0%| F|  |TAMS 0x0000000709400000, 0x0000000709400000| Untracked 
|  34|0x0000000709600000, 0x0000000709600000, 0x0000000709800000|  0%| F|  |TAMS 0x0000000709600000, 0x0000000709600000| Untracked 
|  35|0x0000000709800000, 0x0000000709800000, 0x0000000709a00000|  0%| F|  |TAMS 0x0000000709800000, 0x0000000709800000| Untracked 
|  36|0x0000000709a00000, 0x0000000709a00000, 0x0000000709c00000|  0%| F|  |TAMS 0x0000000709a00000, 0x0000000709a00000| Untracked 
|  37|0x0000000709c00000, 0x0000000709c00000, 0x0000000709e00000|  0%| F|  |TAMS 0x0000000709c00000, 0x0000000709c00000| Untracked 
|  38|0x0000000709e00000, 0x0000000709e00000, 0x000000070a000000|  0%| F|  |TAMS 0x0000000709e00000, 0x0000000709e00000| Untracked 
|  39|0x000000070a000000, 0x000000070a000000, 0x000000070a200000|  0%| F|  |TAMS 0x000000070a000000, 0x000000070a000000| Untracked 
|  40|0x000000070a200000, 0x000000070a200000, 0x000000070a400000|  0%| F|  |TAMS 0x000000070a200000, 0x000000070a200000| Untracked 
|  41|0x000000070a400000, 0x000000070a400000, 0x000000070a600000|  0%| F|  |TAMS 0x000000070a400000, 0x000000070a400000| Untracked 
|  42|0x000000070a600000, 0x000000070a600000, 0x000000070a800000|  0%| F|  |TAMS 0x000000070a600000, 0x000000070a600000| Untracked 
|  43|0x000000070a800000, 0x000000070a800000, 0x000000070aa00000|  0%| F|  |TAMS 0x000000070a800000, 0x000000070a800000| Untracked 
|  44|0x000000070aa00000, 0x000000070aa00000, 0x000000070ac00000|  0%| F|  |TAMS 0x000000070aa00000, 0x000000070aa00000| Untracked 
|  45|0x000000070ac00000, 0x000000070ac00000, 0x000000070ae00000|  0%| F|  |TAMS 0x000000070ac00000, 0x000000070ac00000| Untracked 
|  46|0x000000070ae00000, 0x000000070ae00000, 0x000000070b000000|  0%| F|  |TAMS 0x000000070ae00000, 0x000000070ae00000| Untracked 
|  47|0x000000070b000000, 0x000000070b000000, 0x000000070b200000|  0%| F|  |TAMS 0x000000070b000000, 0x000000070b000000| Untracked 
|  48|0x000000070b200000, 0x000000070b200000, 0x000000070b400000|  0%| F|  |TAMS 0x000000070b200000, 0x000000070b200000| Untracked 
|  49|0x000000070b400000, 0x000000070b400000, 0x000000070b600000|  0%| F|  |TAMS 0x000000070b400000, 0x000000070b400000| Untracked 
|  50|0x000000070b600000, 0x000000070b600000, 0x000000070b800000|  0%| F|  |TAMS 0x000000070b600000, 0x000000070b600000| Untracked 
|  51|0x000000070b800000, 0x000000070b800000, 0x000000070ba00000|  0%| F|  |TAMS 0x000000070b800000, 0x000000070b800000| Untracked 
|  52|0x000000070ba00000, 0x000000070ba00000, 0x000000070bc00000|  0%| F|  |TAMS 0x000000070ba00000, 0x000000070ba00000| Untracked 
|  53|0x000000070bc00000, 0x000000070bc00000, 0x000000070be00000|  0%| F|  |TAMS 0x000000070bc00000, 0x000000070bc00000| Untracked 
|  54|0x000000070be00000, 0x000000070be00000, 0x000000070c000000|  0%| F|  |TAMS 0x000000070be00000, 0x000000070be00000| Untracked 
|  55|0x000000070c000000, 0x000000070c000000, 0x000000070c200000|  0%| F|  |TAMS 0x000000070c000000, 0x000000070c000000| Untracked 
|  56|0x000000070c200000, 0x000000070c200000, 0x000000070c400000|  0%| F|  |TAMS 0x000000070c200000, 0x000000070c200000| Untracked 
|  57|0x000000070c400000, 0x000000070c400000, 0x000000070c600000|  0%| F|  |TAMS 0x000000070c400000, 0x000000070c400000| Untracked 
|  58|0x000000070c600000, 0x000000070c600000, 0x000000070c800000|  0%| F|  |TAMS 0x000000070c600000, 0x000000070c600000| Untracked 
|  59|0x000000070c800000, 0x000000070c800000, 0x000000070ca00000|  0%| F|  |TAMS 0x000000070c800000, 0x000000070c800000| Untracked 
|  60|0x000000070ca00000, 0x000000070ca00000, 0x000000070cc00000|  0%| F|  |TAMS 0x000000070ca00000, 0x000000070ca00000| Untracked 
|  61|0x000000070cc00000, 0x000000070cc00000, 0x000000070ce00000|  0%| F|  |TAMS 0x000000070cc00000, 0x000000070cc00000| Untracked 
|  62|0x000000070ce00000, 0x000000070ce00000, 0x000000070d000000|  0%| F|  |TAMS 0x000000070ce00000, 0x000000070ce00000| Untracked 
|  63|0x000000070d000000, 0x000000070d000000, 0x000000070d200000|  0%| F|  |TAMS 0x000000070d000000, 0x000000070d000000| Untracked 
|  64|0x000000070d200000, 0x000000070d200000, 0x000000070d400000|  0%| F|  |TAMS 0x000000070d200000, 0x000000070d200000| Untracked 
|  65|0x000000070d400000, 0x000000070d400000, 0x000000070d600000|  0%| F|  |TAMS 0x000000070d400000, 0x000000070d400000| Untracked 
|  66|0x000000070d600000, 0x000000070d600000, 0x000000070d800000|  0%| F|  |TAMS 0x000000070d600000, 0x000000070d600000| Untracked 
|  67|0x000000070d800000, 0x000000070d800000, 0x000000070da00000|  0%| F|  |TAMS 0x000000070d800000, 0x000000070d800000| Untracked 
|  68|0x000000070da00000, 0x000000070da00000, 0x000000070dc00000|  0%| F|  |TAMS 0x000000070da00000, 0x000000070da00000| Untracked 
|  69|0x000000070dc00000, 0x000000070dc00000, 0x000000070de00000|  0%| F|  |TAMS 0x000000070dc00000, 0x000000070dc00000| Untracked 
|  70|0x000000070de00000, 0x000000070de00000, 0x000000070e000000|  0%| F|  |TAMS 0x000000070de00000, 0x000000070de00000| Untracked 
|  71|0x000000070e000000, 0x000000070e000000, 0x000000070e200000|  0%| F|  |TAMS 0x000000070e000000, 0x000000070e000000| Untracked 
|  72|0x000000070e200000, 0x000000070e200000, 0x000000070e400000|  0%| F|  |TAMS 0x000000070e200000, 0x000000070e200000| Untracked 
|  73|0x000000070e400000, 0x000000070e400000, 0x000000070e600000|  0%| F|  |TAMS 0x000000070e400000, 0x000000070e400000| Untracked 
|  74|0x000000070e600000, 0x000000070e600000, 0x000000070e800000|  0%| F|  |TAMS 0x000000070e600000, 0x000000070e600000| Untracked 
|  75|0x000000070e800000, 0x000000070e800000, 0x000000070ea00000|  0%| F|  |TAMS 0x000000070e800000, 0x000000070e800000| Untracked 
|  76|0x000000070ea00000, 0x000000070ea00000, 0x000000070ec00000|  0%| F|  |TAMS 0x000000070ea00000, 0x000000070ea00000| Untracked 
|  77|0x000000070ec00000, 0x000000070ec00000, 0x000000070ee00000|  0%| F|  |TAMS 0x000000070ec00000, 0x000000070ec00000| Untracked 
|  78|0x000000070ee00000, 0x000000070ee00000, 0x000000070f000000|  0%| F|  |TAMS 0x000000070ee00000, 0x000000070ee00000| Untracked 
|  79|0x000000070f000000, 0x000000070f000000, 0x000000070f200000|  0%| F|  |TAMS 0x000000070f000000, 0x000000070f000000| Untracked 
|  80|0x000000070f200000, 0x000000070f200000, 0x000000070f400000|  0%| F|  |TAMS 0x000000070f200000, 0x000000070f200000| Untracked 
|  81|0x000000070f400000, 0x000000070f400000, 0x000000070f600000|  0%| F|  |TAMS 0x000000070f400000, 0x000000070f400000| Untracked 
|  82|0x000000070f600000, 0x000000070f600000, 0x000000070f800000|  0%| F|  |TAMS 0x000000070f600000, 0x000000070f600000| Untracked 
|  83|0x000000070f800000, 0x000000070f800000, 0x000000070fa00000|  0%| F|  |TAMS 0x000000070f800000, 0x000000070f800000| Untracked 
|  84|0x000000070fa00000, 0x000000070fa00000, 0x000000070fc00000|  0%| F|  |TAMS 0x000000070fa00000, 0x000000070fa00000| Untracked 
|  85|0x000000070fc00000, 0x000000070fc00000, 0x000000070fe00000|  0%| F|  |TAMS 0x000000070fc00000, 0x000000070fc00000| Untracked 
|  86|0x000000070fe00000, 0x000000070fe00000, 0x0000000710000000|  0%| F|  |TAMS 0x000000070fe00000, 0x000000070fe00000| Untracked 
|  87|0x0000000710000000, 0x0000000710000000, 0x0000000710200000|  0%| F|  |TAMS 0x0000000710000000, 0x0000000710000000| Untracked 
|  88|0x0000000710200000, 0x0000000710200000, 0x0000000710400000|  0%| F|  |TAMS 0x0000000710200000, 0x0000000710200000| Untracked 
|  89|0x0000000710400000, 0x0000000710400000, 0x0000000710600000|  0%| F|  |TAMS 0x0000000710400000, 0x0000000710400000| Untracked 
|  90|0x0000000710600000, 0x0000000710600000, 0x0000000710800000|  0%| F|  |TAMS 0x0000000710600000, 0x0000000710600000| Untracked 
|  91|0x0000000710800000, 0x0000000710800000, 0x0000000710a00000|  0%| F|  |TAMS 0x0000000710800000, 0x0000000710800000| Untracked 
|  92|0x0000000710a00000, 0x0000000710a00000, 0x0000000710c00000|  0%| F|  |TAMS 0x0000000710a00000, 0x0000000710a00000| Untracked 
|  93|0x0000000710c00000, 0x0000000710c00000, 0x0000000710e00000|  0%| F|  |TAMS 0x0000000710c00000, 0x0000000710c00000| Untracked 
|  94|0x0000000710e00000, 0x0000000710e00000, 0x0000000711000000|  0%| F|  |TAMS 0x0000000710e00000, 0x0000000710e00000| Untracked 
|  95|0x0000000711000000, 0x0000000711000000, 0x0000000711200000|  0%| F|  |TAMS 0x0000000711000000, 0x0000000711000000| Untracked 
|  96|0x0000000711200000, 0x0000000711200000, 0x0000000711400000|  0%| F|  |TAMS 0x0000000711200000, 0x0000000711200000| Untracked 
|  97|0x0000000711400000, 0x0000000711400000, 0x0000000711600000|  0%| F|  |TAMS 0x0000000711400000, 0x0000000711400000| Untracked 
|  98|0x0000000711600000, 0x0000000711600000, 0x0000000711800000|  0%| F|  |TAMS 0x0000000711600000, 0x0000000711600000| Untracked 
|  99|0x0000000711800000, 0x0000000711800000, 0x0000000711a00000|  0%| F|  |TAMS 0x0000000711800000, 0x0000000711800000| Untracked 
| 100|0x0000000711a00000, 0x0000000711a00000, 0x0000000711c00000|  0%| F|  |TAMS 0x0000000711a00000, 0x0000000711a00000| Untracked 
| 101|0x0000000711c00000, 0x0000000711c00000, 0x0000000711e00000|  0%| F|  |TAMS 0x0000000711c00000, 0x0000000711c00000| Untracked 
| 102|0x0000000711e00000, 0x0000000711e00000, 0x0000000712000000|  0%| F|  |TAMS 0x0000000711e00000, 0x0000000711e00000| Untracked 
| 103|0x0000000712000000, 0x0000000712000000, 0x0000000712200000|  0%| F|  |TAMS 0x0000000712000000, 0x0000000712000000| Untracked 
| 104|0x0000000712200000, 0x0000000712200000, 0x0000000712400000|  0%| F|  |TAMS 0x0000000712200000, 0x0000000712200000| Untracked 
| 105|0x0000000712400000, 0x0000000712400000, 0x0000000712600000|  0%| F|  |TAMS 0x0000000712400000, 0x0000000712400000| Untracked 
| 106|0x0000000712600000, 0x0000000712600000, 0x0000000712800000|  0%| F|  |TAMS 0x0000000712600000, 0x0000000712600000| Untracked 
| 107|0x0000000712800000, 0x0000000712800000, 0x0000000712a00000|  0%| F|  |TAMS 0x0000000712800000, 0x0000000712800000| Untracked 
| 108|0x0000000712a00000, 0x0000000712a00000, 0x0000000712c00000|  0%| F|  |TAMS 0x0000000712a00000, 0x0000000712a00000| Untracked 
| 109|0x0000000712c00000, 0x0000000712c00000, 0x0000000712e00000|  0%| F|  |TAMS 0x0000000712c00000, 0x0000000712c00000| Untracked 
| 110|0x0000000712e00000, 0x0000000712e00000, 0x0000000713000000|  0%| F|  |TAMS 0x0000000712e00000, 0x0000000712e00000| Untracked 
| 111|0x0000000713000000, 0x0000000713000000, 0x0000000713200000|  0%| F|  |TAMS 0x0000000713000000, 0x0000000713000000| Untracked 
| 112|0x0000000713200000, 0x0000000713200000, 0x0000000713400000|  0%| F|  |TAMS 0x0000000713200000, 0x0000000713200000| Untracked 
| 113|0x0000000713400000, 0x0000000713400000, 0x0000000713600000|  0%| F|  |TAMS 0x0000000713400000, 0x0000000713400000| Untracked 
| 114|0x0000000713600000, 0x0000000713600000, 0x0000000713800000|  0%| F|  |TAMS 0x0000000713600000, 0x0000000713600000| Untracked 
| 115|0x0000000713800000, 0x0000000713800000, 0x0000000713a00000|  0%| F|  |TAMS 0x0000000713800000, 0x0000000713800000| Untracked 
| 116|0x0000000713a00000, 0x0000000713a00000, 0x0000000713c00000|  0%| F|  |TAMS 0x0000000713a00000, 0x0000000713a00000| Untracked 
| 117|0x0000000713c00000, 0x0000000713c00000, 0x0000000713e00000|  0%| F|  |TAMS 0x0000000713c00000, 0x0000000713c00000| Untracked 
| 118|0x0000000713e00000, 0x0000000713e00000, 0x0000000714000000|  0%| F|  |TAMS 0x0000000713e00000, 0x0000000713e00000| Untracked 
| 119|0x0000000714000000, 0x0000000714000000, 0x0000000714200000|  0%| F|  |TAMS 0x0000000714000000, 0x0000000714000000| Untracked 
| 120|0x0000000714200000, 0x0000000714200000, 0x0000000714400000|  0%| F|  |TAMS 0x0000000714200000, 0x0000000714200000| Untracked 
| 121|0x0000000714400000, 0x0000000714400000, 0x0000000714600000|  0%| F|  |TAMS 0x0000000714400000, 0x0000000714400000| Untracked 
| 122|0x0000000714600000, 0x00000007147c54a8, 0x0000000714800000| 88%| E|  |TAMS 0x0000000714600000, 0x0000000714600000| Complete 
| 123|0x0000000714800000, 0x0000000714a00000, 0x0000000714a00000|100%| E|CS|TAMS 0x0000000714800000, 0x0000000714800000| Complete 
| 124|0x0000000714a00000, 0x0000000714c00000, 0x0000000714c00000|100%| E|CS|TAMS 0x0000000714a00000, 0x0000000714a00000| Complete 
| 125|0x0000000714c00000, 0x0000000714e00000, 0x0000000714e00000|100%| E|CS|TAMS 0x0000000714c00000, 0x0000000714c00000| Complete 

Card table byte_map: [0x00000220c6470000,0x00000220c6c50000] _byte_map_base: 0x00000220c2c47000

Marking Bits (Prev, Next): (CMBitMap*) 0x00000220ae76f8a0, (CMBitMap*) 0x00000220ae76f8e0
 Prev Bits: [0x00000220c7430000, 0x00000220cb2e8000)
 Next Bits: [0x00000220cb2f0000, 0x00000220cf1a8000)

Polling page: 0x00000220ac740000

Metaspace:

Usage:
  Non-class:      5.26 MB capacity,     5.21 MB (>99%) used,    46.62 KB ( <1%) free+waste,     7.00 KB ( <1%) overhead. 
      Class:    536.00 KB capacity,   493.80 KB ( 92%) used,    38.95 KB (  7%) free+waste,     3.25 KB ( <1%) overhead. 
       Both:      5.78 MB capacity,     5.69 MB ( 98%) used,    85.57 KB (  1%) free+waste,    10.25 KB ( <1%) overhead. 

Virtual space:
  Non-class space:        8.00 MB reserved,       5.50 MB ( 69%) committed 
      Class space:        1.00 GB reserved,     640.00 KB ( <1%) committed 
             Both:        1.01 GB reserved,       6.12 MB ( <1%) committed 

Chunk freelists:
   Non-Class:  54.00 KB
       Class:  8.00 KB
        Both:  62.00 KB

MaxMetaspaceSize: 17179869184.00 GB
CompressedClassSpaceSize: 1.00 GB

CodeHeap 'non-profiled nmethods': size=120000Kb used=206Kb max_used=206Kb free=119793Kb
 bounds [0x00000220be430000, 0x00000220be6a0000, 0x00000220c5960000]
CodeHeap 'profiled nmethods': size=120000Kb used=966Kb max_used=966Kb free=119033Kb
 bounds [0x00000220b6f00000, 0x00000220b7170000, 0x00000220be430000]
CodeHeap 'non-nmethods': size=5760Kb used=1298Kb max_used=1314Kb free=4461Kb
 bounds [0x00000220b6960000, 0x00000220b6bd0000, 0x00000220b6f00000]
 total_blobs=1277 nmethods=698 adapters=492
 compilation: enabled
              stopped_count=0, restarted_count=0
 full_count=0

Compilation events (20 events):
Event: 0.407 Thread 0x00000220d7fb3fd0 nmethod 687 0x00000220be461990 code [0x00000220be461b40, 0x00000220be4622d8]
Event: 0.407 Thread 0x00000220d2557820  691       1       java.net.URL::getHost (5 bytes)
Event: 0.407 Thread 0x00000220d2557820 nmethod 691 0x00000220be462790 code [0x00000220be462920, 0x00000220be4629d8]
Event: 0.407 Thread 0x00000220d2557820  692       3       java.util.HashMap::<init> (11 bytes)
Event: 0.407 Thread 0x00000220d2557820 nmethod 692 0x00000220b6fef810 code [0x00000220b6fef9c0, 0x00000220b6fefb78]
Event: 0.407 Thread 0x00000220d2557820  693       3       java.io.InputStream::<init> (5 bytes)
Event: 0.407 Thread 0x00000220d2557820 nmethod 693 0x00000220b6fefc90 code [0x00000220b6fefe20, 0x00000220b6feff78]
Event: 0.407 Thread 0x00000220d2557820  694       3       java.util.jar.Attributes::getValue (9 bytes)
Event: 0.407 Thread 0x00000220d2557820 nmethod 694 0x00000220b6ff0010 code [0x00000220b6ff01c0, 0x00000220b6ff0508]
Event: 0.407 Thread 0x00000220d2557820  695       3       java.util.jar.Attributes::get (11 bytes)
Event: 0.407 Thread 0x00000220d2557820 nmethod 695 0x00000220b6ff0610 code [0x00000220b6ff07c0, 0x00000220b6ff0988]
Event: 0.407 Thread 0x00000220d2557820  696       3       java.util.zip.ZipFile::ensureOpen (40 bytes)
Event: 0.407 Thread 0x00000220d2557820 nmethod 696 0x00000220b6ff0a90 code [0x00000220b6ff0c60, 0x00000220b6ff0f98]
Event: 0.407 Thread 0x00000220d2557820  697       3       java.util.WeakHashMap::indexFor (6 bytes)
Event: 0.407 Thread 0x00000220d2557820 nmethod 697 0x00000220b6ff1110 code [0x00000220b6ff12a0, 0x00000220b6ff1378]
Event: 0.408 Thread 0x00000220d254a730 nmethod 688 0x00000220be462a90 code [0x00000220be462c20, 0x00000220be462fd8]
Event: 0.409 Thread 0x00000220d2557820  698       3       sun.nio.cs.SingleByte$Encoder::encode (32 bytes)
Event: 0.409 Thread 0x00000220d254a730  699       4       java.lang.StringLatin1::newString (24 bytes)
Event: 0.409 Thread 0x00000220d2557820 nmethod 698 0x00000220b6ff1410 code [0x00000220b6ff15c0, 0x00000220b6ff1778]
Event: 0.412 Thread 0x00000220d254a730 nmethod 699 0x00000220be463290 code [0x00000220be463420, 0x00000220be4637d8]

GC Heap History (0 events):
No events

Deoptimization events (4 events):
Event: 0.254 Thread 0x00000220ae71df00 Uncommon trap: trap_request=0xffffff45 fr.pc=0x00000220be43403c relative=0x000000000000021c
Event: 0.254 Thread 0x00000220ae71df00 Uncommon trap: reason=unstable_if action=reinterpret pc=0x00000220be43403c method=java.lang.String.hashCode()I @ 13 c2
Event: 0.254 Thread 0x00000220ae71df00 DEOPT PACKING pc=0x00000220be43403c sp=0x000000d1584fd470
Event: 0.254 Thread 0x00000220ae71df00 DEOPT UNPACKING pc=0x00000220b696852f sp=0x000000d1584fd408 mode 2

Classes unloaded (0 events):
No events

Classes redefined (0 events):
No events

Internal exceptions (11 events):
Event: 0.269 Thread 0x00000220ae71df00 Exception <a 'java/lang/NoSuchMethodError'{0x0000000714839bb0}: 'void java.lang.invoke.DirectMethodHandle$Holder.invokeSpecial(java.lang.Object, java.lang.Object, java.lang.Object)'> (0x0000000714839bb0) 
thrown [./open/src/hotspot/share/interpreter/linkResolver.cpp, line 782]
Event: 0.274 Thread 0x00000220ae71df00 Exception <a 'java/lang/ClassNotFoundException'{0x000000071484cda0}: sun/awt/resources/spi/awtProvider> (0x000000071484cda0) 
thrown [./open/src/hotspot/share/classfile/systemDictionary.cpp, line 295]
Event: 0.288 Thread 0x00000220ae71df00 Exception <a 'java/io/FileNotFoundException'{0x000000071488ba38}> (0x000000071488ba38) 
thrown [./open/src/hotspot/share/prims/jni.cpp, line 578]
Event: 0.292 Thread 0x00000220ae71df00 Exception <a 'java/io/FileNotFoundException'{0x00000007148ba248}> (0x00000007148ba248) 
thrown [./open/src/hotspot/share/prims/jni.cpp, line 578]
Event: 0.293 Thread 0x00000220ae71df00 Exception <a 'java/lang/NoSuchMethodError'{0x00000007148bb440}: 'java.lang.Object java.lang.invoke.DirectMethodHandle$Holder.invokeStatic(java.lang.Object)'> (0x00000007148bb440) 
thrown [./open/src/hotspot/share/interpreter/linkResolver.cpp, line 782]
Event: 0.309 Thread 0x00000220ae71df00 Exception <a 'java/lang/NoSuchMethodError'{0x0000000714911778}: 'void java.lang.invoke.DirectMethodHandle$Holder.invokeStatic(java.lang.Object, java.lang.Object)'> (0x0000000714911778) 
thrown [./open/src/hotspot/share/interpreter/linkResolver.cpp, line 782]
Event: 0.309 Thread 0x00000220ae71df00 Exception <a 'java/lang/NoSuchMethodError'{0x0000000714915378}: 'void java.lang.invoke.DirectMethodHandle$Holder.invokeStaticInit(java.lang.Object, java.lang.Object)'> (0x0000000714915378) 
thrown [./open/src/hotspot/share/interpreter/linkResolver.cpp, line 782]
Event: 0.314 Thread 0x00000220ae71df00 Exception <a 'java/lang/NoSuchMethodError'{0x0000000714942308}: 'java.lang.Object java.lang.invoke.DirectMethodHandle$Holder.invokeStaticInit(java.lang.Object, int, int, int, int)'> (0x0000000714942308) 
thrown [./open/src/hotspot/share/interpreter/linkResolver.cpp, line 782]
Event: 0.346 Thread 0x00000220ae71df00 Exception <a 'java/lang/NoSuchMethodError'{0x00000007149dbeb0}: 'java.lang.Object java.lang.invoke.DirectMethodHandle$Holder.invokeStaticInit(java.lang.Object, java.lang.Object, int, int, int, int)'> (0x00000007149dbeb0) 
thrown [./open/src/hotspot/share/interpreter/linkResolver.cpp, line 782]
Event: 0.353 Thread 0x00000220ae71df00 Exception <a 'java/lang/NoSuchMethodError'{0x00000007149e8a70}: 'java.lang.Object java.lang.invoke.DirectMethodHandle$Holder.invokeStaticInit(java.lang.Object)'> (0x00000007149e8a70) 
thrown [./open/src/hotspot/share/interpreter/linkResolver.cpp, line 782]
Event: 0.408 Thread 0x00000220ae71df00 Exception <a 'java/io/FileNotFoundException'{0x00000007146c9b58}> (0x00000007146c9b58) 
thrown [./open/src/hotspot/share/prims/jni.cpp, line 578]

Events (20 events):
Event: 0.408 loading class java/io/InputStreamReader
Event: 0.408 loading class java/io/InputStreamReader done
Event: 0.408 loading class java/io/FileReader done
Event: 0.408 loading class java/io/BufferedReader
Event: 0.408 loading class java/io/BufferedReader done
Event: 0.408 loading class java/lang/Throwable$WrappedPrintStream
Event: 0.408 loading class java/lang/Throwable$PrintStreamOrWriter
Event: 0.408 loading class java/lang/Throwable$PrintStreamOrWriter done
Event: 0.408 loading class java/lang/Throwable$WrappedPrintStream done
Event: 0.408 loading class java/lang/StackTraceElement$HashedModules
Event: 0.408 loading class java/lang/StackTraceElement$HashedModules done
Event: 0.409 Thread 0x00000220d7fb44e0 Thread added: 0x00000220d7fb44e0
Event: 0.409 Thread 0x00000220d8082fe0 Thread added: 0x00000220d8082fe0
Event: 0.409 loading class java/util/WeakHashMap$KeyIterator
Event: 0.409 loading class java/util/WeakHashMap$HashIterator
Event: 0.409 loading class java/util/WeakHashMap$HashIterator done
Event: 0.409 loading class java/util/WeakHashMap$KeyIterator done
Event: 0.409 Thread 0x00000220d7fb44e0 Thread exited: 0x00000220d7fb44e0
Event: 0.416 Thread 0x00000220d8082fe0 Thread exited: 0x00000220d8082fe0
Event: 0.417 Executing VM operation: Exit


Dynamic libraries:
0x00007ff73fe10000 - 0x00007ff73fe1f000 	C:\Program Files\Java\jdk-15.0.2\bin\java.exe
0x00007ffd6d390000 - 0x00007ffd6d585000 	C:\WINDOWS\SYSTEM32\ntdll.dll
0x00007ffd6d1a0000 - 0x00007ffd6d25d000 	C:\WINDOWS\System32\KERNEL32.DLL
0x00007ffd6ac90000 - 0x00007ffd6af59000 	C:\WINDOWS\System32\KERNELBASE.dll
0x00007ffd6af60000 - 0x00007ffd6b060000 	C:\WINDOWS\System32\ucrtbase.dll
0x00007ffd5f590000 - 0x00007ffd5f5a8000 	C:\Program Files\Java\jdk-15.0.2\bin\jli.dll
0x00007ffd630a0000 - 0x00007ffd630b9000 	C:\Program Files\Java\jdk-15.0.2\bin\VCRUNTIME140.dll
0x00007ffd6cff0000 - 0x00007ffd6d09c000 	C:\WINDOWS\System32\ADVAPI32.dll
0x00007ffd6cd70000 - 0x00007ffd6ce0e000 	C:\WINDOWS\System32\msvcrt.dll
0x00007ffd6c1c0000 - 0x00007ffd6c25b000 	C:\WINDOWS\System32\sechost.dll
0x00007ffd6bfb0000 - 0x00007ffd6c0da000 	C:\WINDOWS\System32\RPCRT4.dll
0x00007ffd6ce10000 - 0x00007ffd6cfb0000 	C:\WINDOWS\System32\USER32.dll
0x00007ffd6ac60000 - 0x00007ffd6ac82000 	C:\WINDOWS\System32\win32u.dll
0x00007ffd6d170000 - 0x00007ffd6d19a000 	C:\WINDOWS\System32\GDI32.dll
0x00007ffd585e0000 - 0x00007ffd5887a000 	C:\WINDOWS\WinSxS\amd64_microsoft.windows.common-controls_6595b64144ccf1df_6.0.19041.1083_none_60bbe31371f34e71\COMCTL32.dll
0x00007ffd6b0c0000 - 0x00007ffd6b1cb000 	C:\WINDOWS\System32\gdi32full.dll
0x00007ffd6b360000 - 0x00007ffd6b3fd000 	C:\WINDOWS\System32\msvcp_win.dll
0x00007ffd5e820000 - 0x00007ffd5e82a000 	C:\WINDOWS\SYSTEM32\VERSION.dll
0x00007ffd6cfb0000 - 0x00007ffd6cfe0000 	C:\WINDOWS\System32\IMM32.DLL
0x00007ffd5f5e0000 - 0x00007ffd5f5ec000 	C:\Program Files\Java\jdk-15.0.2\bin\vcruntime140_1.dll
0x00007ffd2c810000 - 0x00007ffd2c8a1000 	C:\Program Files\Java\jdk-15.0.2\bin\msvcp140.dll
0x00007ffcc7350000 - 0x00007ffcc7eae000 	C:\Program Files\Java\jdk-15.0.2\bin\server\jvm.dll
0x00007ffd6d0a0000 - 0x00007ffd6d0a8000 	C:\WINDOWS\System32\PSAPI.DLL
0x00007ffd009a0000 - 0x00007ffd009a9000 	C:\WINDOWS\SYSTEM32\WSOCK32.dll
0x00007ffd6c260000 - 0x00007ffd6c2cb000 	C:\WINDOWS\System32\WS2_32.dll
0x00007ffd56410000 - 0x00007ffd56437000 	C:\WINDOWS\SYSTEM32\WINMM.dll
0x00007ffd69370000 - 0x00007ffd69382000 	C:\WINDOWS\SYSTEM32\kernel.appcore.dll
0x00007ffd5f540000 - 0x00007ffd5f54a000 	C:\Program Files\Java\jdk-15.0.2\bin\jimage.dll
0x00007ffd69160000 - 0x00007ffd69344000 	C:\WINDOWS\SYSTEM32\DBGHELP.DLL
0x00007ffd56df0000 - 0x00007ffd56e1c000 	C:\WINDOWS\SYSTEM32\dbgcore.DLL
0x00007ffd6ab20000 - 0x00007ffd6aba3000 	C:\WINDOWS\System32\bcryptPrimitives.dll
0x00007ffd56350000 - 0x00007ffd56375000 	C:\Program Files\Java\jdk-15.0.2\bin\java.dll
0x00007ffd6c2d0000 - 0x00007ffd6ca0f000 	C:\WINDOWS\System32\SHELL32.dll
0x00007ffd658a0000 - 0x00007ffd66031000 	C:\WINDOWS\SYSTEM32\windows.storage.dll
0x00007ffd6ca10000 - 0x00007ffd6cd65000 	C:\WINDOWS\System32\combase.dll
0x00007ffd6a4d0000 - 0x00007ffd6a4fc000 	C:\WINDOWS\SYSTEM32\Wldp.dll
0x00007ffd6be40000 - 0x00007ffd6beee000 	C:\WINDOWS\System32\SHCORE.dll
0x00007ffd6d110000 - 0x00007ffd6d165000 	C:\WINDOWS\System32\shlwapi.dll
0x00007ffd6aa10000 - 0x00007ffd6aa2f000 	C:\WINDOWS\SYSTEM32\profapi.dll
0x00007ffd57b00000 - 0x00007ffd57b19000 	C:\Program Files\Java\jdk-15.0.2\bin\net.dll
0x00007ffd61c20000 - 0x00007ffd61d2a000 	C:\WINDOWS\SYSTEM32\WINHTTP.dll
0x00007ffd6a230000 - 0x00007ffd6a29a000 	C:\WINDOWS\system32\mswsock.dll
0x00007ffd459d0000 - 0x00007ffd459e2000 	C:\Program Files\Java\jdk-15.0.2\bin\nio.dll
0x00007ffd459b0000 - 0x00007ffd459c8000 	C:\Program Files\Java\jdk-15.0.2\bin\zip.dll
0x00007ffd56860000 - 0x00007ffd56870000 	C:\Program Files\Java\jdk-15.0.2\bin\verify.dll
0x0000000180000000 - 0x0000000180051000 	C:\Users\Steven Zhu\AppData\Local\Temp\natives1912905083\lwjgl64.dll
0x00007ffd447a0000 - 0x00007ffd448c5000 	C:\WINDOWS\SYSTEM32\OPENGL32.dll
0x00007ffd44730000 - 0x00007ffd4475c000 	C:\WINDOWS\SYSTEM32\GLU32.dll
0x00007ffd61450000 - 0x00007ffd614fe000 	C:\WINDOWS\SYSTEM32\mscms.dll
0x00007ffd61430000 - 0x00007ffd61441000 	C:\WINDOWS\SYSTEM32\ColorAdapterClient.dll
0x00007ffd6a990000 - 0x00007ffd6a9be000 	C:\WINDOWS\SYSTEM32\USERENV.dll
0x00007ffd6ba10000 - 0x00007ffd6badd000 	C:\WINDOWS\System32\OLEAUT32.dll
0x00007ffd6bf00000 - 0x00007ffd6bfa9000 	C:\WINDOWS\System32\clbcatq.dll
0x00007ffd5de10000 - 0x00007ffd5de54000 	C:\Windows\System32\Windows.Internal.Graphics.Display.DisplayColorManagement.dll
0x00007ffd6aad0000 - 0x00007ffd6ab1e000 	C:\WINDOWS\System32\cfgmgr32.dll
0x00007ffd64fa0000 - 0x00007ffd6503e000 	C:\WINDOWS\system32\uxtheme.dll
0x00007ffd6b400000 - 0x00007ffd6b515000 	C:\WINDOWS\System32\MSCTF.dll
0x00007ffd5f7c0000 - 0x00007ffd5f8b9000 	C:\Windows\System32\AppXDeploymentClient.dll
0x00007ffcbc6d0000 - 0x00007ffcbd737000 	C:\WINDOWS\System32\DriverStore\FileRepository\iigd_dch.inf_amd64_4f49892c99b2ed8d\ig11icd64.dll
0x00007ffd6bb40000 - 0x00007ffd6bc6a000 	C:\WINDOWS\System32\ole32.dll
0x00007ffd652d0000 - 0x00007ffd652ff000 	C:\WINDOWS\system32\dwmapi.dll
0x00007ffd693e0000 - 0x00007ffd694d4000 	C:\WINDOWS\system32\dxgi.dll
0x00007ffcc4210000 - 0x00007ffcc45fc000 	C:\WINDOWS\System32\DriverStore\FileRepository\iigd_dch.inf_amd64_4f49892c99b2ed8d\igdml64.dll
0x00007ffd5bb30000 - 0x00007ffd5bdf8000 	C:\WINDOWS\System32\DriverStore\FileRepository\iigd_dch.inf_amd64_4f49892c99b2ed8d\igdgmm64.dll
0x00007ffd43430000 - 0x00007ffd43529000 	C:\WINDOWS\SYSTEM32\textinputframework.dll
0x00007ffd64c10000 - 0x00007ffd64d02000 	C:\WINDOWS\System32\CoreMessaging.dll
0x00007ffd648b0000 - 0x00007ffd64c0e000 	C:\WINDOWS\System32\CoreUIComponents.dll
0x00007ffd697f0000 - 0x00007ffd69823000 	C:\WINDOWS\SYSTEM32\ntmarta.dll
0x00007ffd64100000 - 0x00007ffd64254000 	C:\WINDOWS\SYSTEM32\wintypes.dll
0x00007ffd58f60000 - 0x00007ffd5bb27000 	C:\WINDOWS\System32\DriverStore\FileRepository\iigd_dch.inf_amd64_4f49892c99b2ed8d\igc64.dll
0x00007ffd6a830000 - 0x00007ffd6a87b000 	C:\WINDOWS\SYSTEM32\powrprof.dll
0x00007ffd6a810000 - 0x00007ffd6a822000 	C:\WINDOWS\SYSTEM32\UMPDC.dll
0x00007ffce6c80000 - 0x00007ffce6e00000 	C:\Program Files\Java\jdk-15.0.2\bin\awt.dll
0x00007ffd64e40000 - 0x00007ffd64ed0000 	C:\WINDOWS\SYSTEM32\apphelp.dll
0x00007ffd6a410000 - 0x00007ffd6a428000 	C:\WINDOWS\SYSTEM32\CRYPTSP.dll
0x00007ffd69bd0000 - 0x00007ffd69c04000 	C:\WINDOWS\system32\rsaenh.dll
0x00007ffd6b330000 - 0x00007ffd6b357000 	C:\WINDOWS\System32\bcrypt.dll
0x00007ffd6a430000 - 0x00007ffd6a43c000 	C:\WINDOWS\SYSTEM32\CRYPTBASE.dll
0x00007ffd69f20000 - 0x00007ffd69f5b000 	C:\WINDOWS\SYSTEM32\IPHLPAPI.DLL
0x00007ffd6cfe0000 - 0x00007ffd6cfe8000 	C:\WINDOWS\System32\NSI.dll
0x00007ffd5e920000 - 0x00007ffd5e937000 	C:\WINDOWS\SYSTEM32\dhcpcsvc6.DLL
0x00007ffd5ea60000 - 0x00007ffd5ea7d000 	C:\WINDOWS\SYSTEM32\dhcpcsvc.DLL
0x00007ffd69f60000 - 0x00007ffd6a02c000 	C:\WINDOWS\SYSTEM32\DNSAPI.dll

dbghelp: loaded successfully - version: 4.0.5 - missing functions: none
symbol engine: initialized successfully - sym options: 0x614 - pdb path: .;C:\Program Files\Java\jdk-15.0.2\bin;C:\WINDOWS\SYSTEM32;C:\WINDOWS\WinSxS\amd64_microsoft.windows.common-controls_6595b64144ccf1df_6.0.19041.1083_none_60bbe31371f34e71;C:\Program Files\Java\jdk-15.0.2\bin\server;C:\Users\Steven Zhu\AppData\Local\Temp\natives1912905083;C:\WINDOWS\System32\DriverStore\FileRepository\iigd_dch.inf_amd64_4f49892c99b2ed8d

VM Arguments:
jvm_args: -Djava.library.path=C:\Users\STEVEN~1\AppData\Local\Temp\\natives1912905083 
java_command: engine.MainGameLoop
java_class_path (initial): C:\MyStuff\Java\DimenQuest\versions\DQ.jar
Launcher Type: SUN_STANDARD

[Global flags]
     intx CICompilerCount                          = 4                                         {product} {ergonomic}
     uint ConcGCThreads                            = 2                                         {product} {ergonomic}
     uint G1ConcRefinementThreads                  = 8                                         {product} {ergonomic}
   size_t G1HeapRegionSize                         = 2097152                                   {product} {ergonomic}
    uintx GCDrainStackTargetSize                   = 64                                        {product} {ergonomic}
   size_t InitialHeapSize                          = 264241152                                 {product} {ergonomic}
   size_t MarkStackSize                            = 4194304                                   {product} {ergonomic}
   size_t MaxHeapSize                              = 4208984064                                {product} {ergonomic}
   size_t MaxNewSize                               = 2524971008                                {product} {ergonomic}
   size_t MinHeapDeltaBytes                        = 2097152                                   {product} {ergonomic}
   size_t MinHeapSize                              = 8388608                                   {product} {ergonomic}
    uintx NonNMethodCodeHeapSize                   = 5839372                                {pd product} {ergonomic}
    uintx NonProfiledCodeHeapSize                  = 122909434                              {pd product} {ergonomic}
    uintx ProfiledCodeHeapSize                     = 122909434                              {pd product} {ergonomic}
    uintx ReservedCodeCacheSize                    = 251658240                              {pd product} {ergonomic}
     bool SegmentedCodeCache                       = true                                      {product} {ergonomic}
   size_t SoftMaxHeapSize                          = 4208984064                             {manageable} {ergonomic}
     bool UseCompressedClassPointers               = true                                 {lp64_product} {ergonomic}
     bool UseCompressedOops                        = true                                 {lp64_product} {ergonomic}
     bool UseG1GC                                  = true                                      {product} {ergonomic}
     bool UseLargePagesIndividualAllocation        = false                                  {pd product} {ergonomic}

Logging:
Log output configuration:
 #0: stdout all=off uptime,level,tags
 #1: stderr all=off uptime,level,tags

Environment Variables:
JAVA_HOME=C:\Program Files\Java\jdk-15.0.2
PATH=C:\Program Files\Java\jdk-15.0.2\bin;C:\Program Files (x86)\ActiveState Komodo IDE 12\;C:\WINDOWS\system32;C:\WINDOWS;C:\WINDOWS\System32\Wbem;C:\WINDOWS\System32\WindowsPowerShell\v1.0\;C:\WINDOWS\System32\OpenSSH\;C:\Program Files\Git\cmd;C:\Program Files\dotnet\;C:\Program Files\Microsoft SQL Server\130\Tools\Binn\;C:\Program Files\Microsoft SQL Server\Client SDK\ODBC\170\Tools\Binn\;C:\Program Files\nodejs\;C:\Users\Steven Zhu\.cargo\bin;C:\Users\Steven Zhu\AppData\Local\Microsoft\WindowsApps;C:\Users\Steven Zhu\AppData\Local\Programs\Microsoft VS Code\bin;C:\Users\Steven Zhu\.dotnet\tools;C:\Users\Steven Zhu\.deno\bin;C:\Users\Steven Zhu\AppData\Roaming\npm;C:\Users\Steven Zhu\.dotnet\tools;C:\Users\Steven Zhu\AppData\Local\GitHubDesktop\bin;C:\Users\Steven Zhu\AppData\Local\atom\bin
USERNAME=Steven Zhu
OS=Windows_NT
PROCESSOR_IDENTIFIER=Intel64 Family 6 Model 126 Stepping 5, GenuineIntel



---------------  S Y S T E M  ---------------

OS:
 Windows 10 , 64 bit Build 19041 (10.0.19041.1023)
OS uptime: 0 days 1:07 hours

CPU: total 8 (initial active 8) (4 cores per cpu, 2 threads per core) family 6 model 126 stepping 5 microcode 0xa0, cmov, cx8, fxsr, mmx, sse, sse2, sse3, ssse3, sse4.1, sse4.2, popcnt, vzeroupper, avx, avx2, aes, clmul, erms, 3dnowpref, lzcnt, ht, tsc, tscinvbit, bmi1, bmi2, adx, avx512f, avx512dq, avx512cd, avx512bw, avx512vl, avx512_vpopcntdq, avx512_vpclmulqdq, avx512_vbmi, avx512_vbmi2, avx512_vaes, avx512_vnni, sha, fma, clflush, clflushopt

Memory: 4k page, system-wide physical 16049M (6808M free)
TotalPageFile size 28337M (AvailPageFile size 15380M)
current process WorkingSet (physical memory assigned to process): 122M, peak: 125M
current process commit charge ("private bytes"): 396M, peak: 397M

vm_info: Java HotSpot(TM) 64-Bit Server VM (15.0.2+7-27) for windows-amd64 JRE (15.0.2+7-27), built on Dec  7 2020 20:07:01 by "mach5one" with unknown MS VC++:1925

END.
