#
# A fatal error has been detected by the Java Runtime Environment:
#
#  EXCEPTION_ACCESS_VIOLATION (0xc0000005) at pc=0x00007ffcbcc8d1b9, pid=4100, tid=9548
#
# JRE version: Java(TM) SE Runtime Environment (15.0.2+7) (build 15.0.2+7-27)
# Java VM: Java HotSpot(TM) 64-Bit Server VM (15.0.2+7-27, mixed mode, sharing, tiered, compressed oops, g1 gc, windows-amd64)
# Problematic frame:
# C  [ig11icd64.dll+0x5bd1b9]
#
# No core dump will be written. Minidumps are not enabled by default on client versions of Windows
#
# If you would like to submit a bug report, please visit:
#   https://bugreport.java.com/bugreport/crash.jsp
#

---------------  S U M M A R Y ------------

Command Line: -Djava.library.path=C:\Users\STEVEN~1\AppData\Local\Temp\\natives-187461588 engine.MainGameLoop

Host: Intel(R) Core(TM) i7-1065G7 CPU @ 1.30GHz, 8 cores, 15G,  Windows 10 , 64 bit Build 19041 (10.0.19041.1023)
Time: Sat Jul 10 13:58:10 2021 AUS Eastern Standard Time elapsed time: 1.058399 seconds (0d 0h 0m 1s)

---------------  T H R E A D  ---------------

Current thread (0x00000276257955e0):  VMThread "VM Thread" [stack: 0x000000ddb4e00000,0x000000ddb4f00000] [id=9548]

Stack: [0x000000ddb4e00000,0x000000ddb4f00000],  sp=0x000000ddb4efe220,  free space=1016k
Native frames: (J=compiled Java code, j=interpreted, Vv=VM code, C=native code)
C  [ig11icd64.dll+0x5bd1b9]


siginfo: EXCEPTION_ACCESS_VIOLATION (0xc0000005), reading address 0x00000000000352f8


Register to memory mapping:

RIP=0x00007ffcbcc8d1b9 ig11icd64.dll
RAX=0x000002762db76150 points into unknown readable memory: 0x00000000000000d2 | d2 00 00 00 00 00 00 00
RBX=0x000002762db76040 points into unknown readable memory: 0x00000276263077e0 | e0 77 30 26 76 02 00 00
RCX=0x0 is NULL
RDX=0x000002762db76110 points into unknown readable memory: 0x0000000000000000 | 00 00 00 00 00 00 00 00
RSP=0x000000ddb4efe220 points into unknown readable memory: 0x00000276262b2090 | 90 20 2b 26 76 02 00 00
RBP=0x000002762db79250 points into unknown readable memory: 0x00000276263077e0 | e0 77 30 26 76 02 00 00
RSI=0x000002762db76558 points into unknown readable memory: 0x000002762db79250 | 50 92 b7 2d 76 02 00 00
RDI=0x00000276262a0240 points into unknown readable memory: 0x0000000100960000 | 00 00 96 00 01 00 00 00
R8 =0x0000000000000008 is an unknown value
R9 =0x0 is NULL
R10=0x0 is NULL
R11=0x0000000000000246 is an unknown value
R12=0x0 is NULL
R13=0x0 is NULL
R14=0x0 is NULL
R15=0x0 is NULL


Registers:
RAX=0x000002762db76150, RBX=0x000002762db76040, RCX=0x0000000000000000, RDX=0x000002762db76110
RSP=0x000000ddb4efe220, RBP=0x000002762db79250, RSI=0x000002762db76558, RDI=0x00000276262a0240
R8 =0x0000000000000008, R9 =0x0000000000000000, R10=0x0000000000000000, R11=0x0000000000000246
R12=0x0000000000000000, R13=0x0000000000000000, R14=0x0000000000000000, R15=0x0000000000000000
RIP=0x00007ffcbcc8d1b9, EFLAGS=0x0000000000010206

Top of Stack: (sp=0x000000ddb4efe220)
0x000000ddb4efe220:   00000276262b2090 b3bc0128c3ba0065
0x000000ddb4efe230:   000000ddb4efe268 0000005400000000
0x000000ddb4efe240:   00007ffcbd66ae80 00000000000000d3
0x000000ddb4efe250:   000002762b6da450 0000000000000058
0x000000ddb4efe260:   0000000000000000 00007ffcbcc6e6f2
0x000000ddb4efe270:   00000276262b2090 00000276262a0240
0x000000ddb4efe280:   000000ddb4efe370 0000000000000000
0x000000ddb4efe290:   00000000000081c4 0000000000000000
0x000000ddb4efe2a0:   0bdd00d130dc0062 d5df0126ebdd0141
0x000000ddb4efe2b0:   f5e00136d8df0122 f5e3012f19e301c8
0x000000ddb4efe2c0:   19e6014c2ce40146 16e7012bb9e6009b
0x000000ddb4efe2d0:   ebe7013b9be70130 b9ea00f5d1e90140
0x000000ddb4efe2e0:   0ef0009c4aed004f 3af0012129f0014e
0x000000ddb4efe2f0:   9ff1011e55f000dd 9ef3014089f30143
0x000000ddb4efe300:   79f4012806f400d3 c8f4007aadf4013d
0x000000ddb4efe310:   0000b802008a0000 00000000000081c4 

Instructions: (pc=0x00007ffcbcc8d1b9)
0x00007ffcbcc8d0b9:   30 44 38 24 01 75 05 e8 b3 10 f9 ff 65 48 8b 04
0x00007ffcbcc8d0c9:   25 58 00 00 00 41 be 10 00 00 00 48 8b 04 30 4d
0x00007ffcbcc8d0d9:   8b 34 06 48 85 ed 0f 84 6f 03 00 00 66 66 66 0f
0x00007ffcbcc8d0e9:   1f 84 00 00 00 00 00 48 8b dd 48 8d b5 18 05 00
0x00007ffcbcc8d0f9:   00 48 8b 2e 45 84 ff 74 1d 48 8b 0b 48 8b d3 80
0x00007ffcbcc8d109:   bb 6a 05 00 00 00 0f 85 f2 02 00 00 e8 16 66 fe
0x00007ffcbcc8d119:   ff e9 f4 02 00 00 8b 8f d0 01 00 00 48 8b 05 24
0x00007ffcbcc8d129:   15 8e 00 83 b8 54 03 00 00 02 0f 85 f4 00 00 00
0x00007ffcbcc8d139:   48 8d 93 d0 00 00 00 83 f9 10 73 04 8b c1 eb 56
0x00007ffcbcc8d149:   44 8d 41 f0 41 8b c0 c1 e8 04 83 f8 03 73 20 0f
0x00007ffcbcc8d159:   ae e8 41 83 e0 0f 4c 8b 8c c2 00 04 00 00 4d 85
0x00007ffcbcc8d169:   c9 74 25 41 8b c0 48 c1 e0 06 49 03 c1 eb 2e 48
0x00007ffcbcc8d179:   8b 82 18 04 00 00 48 85 c0 74 0d 39 08 74 29 48
0x00007ffcbcc8d189:   8b 40 48 48 85 c0 75 f3 80 ba 20 04 00 00 00 74
0x00007ffcbcc8d199:   1d 8b c1 83 e0 0f 48 c1 e0 06 48 03 c2 48 85 c0
0x00007ffcbcc8d1a9:   74 0c 48 8b 48 08 eb 08 48 83 c0 08 eb ef 33 c9
0x00007ffcbcc8d1b9:   49 3b 8e f8 52 03 00 76 6b 48 8b 87 80 02 00 00
0x00007ffcbcc8d1c9:   48 89 06 48 89 9f 80 02 00 00 ff 87 88 02 00 00
0x00007ffcbcc8d1d9:   48 8b 4b 08 48 8b 01 ba 01 00 00 00 48 8b 80 d8
0x00007ffcbcc8d1e9:   02 00 00 ff 15 0e 74 58 00 0f b7 c8 48 2b c1 48
0x00007ffcbcc8d1f9:   05 00 00 01 00 48 01 87 90 02 00 00 48 8b 4b 08
0x00007ffcbcc8d209:   48 8b 01 ba 01 00 00 00 48 8b 80 d8 02 00 00 ff
0x00007ffcbcc8d219:   15 e2 73 58 00 48 01 87 a0 02 00 00 41 b4 01 e9
0x00007ffcbcc8d229:   e6 01 00 00 44 8b 9f d0 01 00 00 48 8b 87 e8 01
0x00007ffcbcc8d239:   00 00 4c 8b 10 8b 8f d0 01 00 00 48 8d 93 d0 00
0x00007ffcbcc8d249:   00 00 83 f9 10 73 04 8b c1 eb 57 44 8d 41 f0 41
0x00007ffcbcc8d259:   8b c0 c1 e8 04 83 f8 03 73 20 0f ae e8 41 83 e0
0x00007ffcbcc8d269:   0f 4c 8b 8c c2 00 04 00 00 4d 85 c9 74 26 41 8b
0x00007ffcbcc8d279:   c0 48 c1 e0 06 49 03 c1 eb 2f 48 8b 82 18 04 00
0x00007ffcbcc8d289:   00 48 85 c0 74 0e 90 39 08 74 3c 48 8b 40 48 48
0x00007ffcbcc8d299:   85 c0 75 f3 80 ba 20 04 00 00 00 74 1b 8b c1 83
0x00007ffcbcc8d2a9:   e0 0f 48 c1 e0 06 48 03 c2 48 85 c0 74 0a 4c 39 


Stack slot to memory mapping:
stack at sp + 0 slots: 0x00000276262b2090 points into unknown readable memory: 0xffffffffffffffff | ff ff ff ff ff ff ff ff
stack at sp + 1 slots: 0xb3bc0128c3ba0065 is an unknown value
stack at sp + 2 slots: 0x000000ddb4efe268 points into unknown readable memory: 0x00007ffcbcc6e6f2 | f2 e6 c6 bc fc 7f 00 00
stack at sp + 3 slots: 0x0000005400000000 is an unknown value
stack at sp + 4 slots: 0x00007ffcbd66ae80 ig11icd64.dll
stack at sp + 5 slots: 0x00000000000000d3 is an unknown value
stack at sp + 6 slots: 0x000002762b6da450 points into unknown readable memory: 0x0000000000000000 | 00 00 00 00 00 00 00 00
stack at sp + 7 slots: 0x0000000000000058 is an unknown value

VM_Operation (0x000000ddb48fedd0): Exit, mode: safepoint, requested by thread 0x00000276002e0100


---------------  P R O C E S S  ---------------

Threads class SMR info:
_java_thread_list=0x000002762db84c70, length=12, elements={
0x00000276002e0100, 0x0000027625799610, 0x000002762579c200, 0x00000276260c72d0,
0x00000276260c7d80, 0x00000276260cc020, 0x00000276260c9840, 0x00000276260ca6f0,
0x00000276260cb1e0, 0x00000276261fe040, 0x0000027626204e20, 0x000002762bc66130
}

Java Threads: ( => current thread )
  0x00000276002e0100 JavaThread "main" [_thread_blocked, id=20616, stack(0x000000ddb4800000,0x000000ddb4900000)]
  0x0000027625799610 JavaThread "Reference Handler" daemon [_thread_blocked, id=4648, stack(0x000000ddb4f00000,0x000000ddb5000000)]
  0x000002762579c200 JavaThread "Finalizer" daemon [_thread_blocked, id=11600, stack(0x000000ddb5000000,0x000000ddb5100000)]
  0x00000276260c72d0 JavaThread "Signal Dispatcher" daemon [_thread_blocked, id=7900, stack(0x000000ddb5100000,0x000000ddb5200000)]
  0x00000276260c7d80 JavaThread "Attach Listener" daemon [_thread_blocked, id=16828, stack(0x000000ddb5200000,0x000000ddb5300000)]
  0x00000276260cc020 JavaThread "Service Thread" daemon [_thread_blocked, id=19968, stack(0x000000ddb5300000,0x000000ddb5400000)]
  0x00000276260c9840 JavaThread "C2 CompilerThread0" daemon [_thread_blocked, id=8748, stack(0x000000ddb5400000,0x000000ddb5500000)]
  0x00000276260ca6f0 JavaThread "C1 CompilerThread0" daemon [_thread_blocked, id=12900, stack(0x000000ddb5500000,0x000000ddb5600000)]
  0x00000276260cb1e0 JavaThread "Sweeper thread" daemon [_thread_blocked, id=21956, stack(0x000000ddb5600000,0x000000ddb5700000)]
  0x00000276261fe040 JavaThread "Notification Thread" daemon [_thread_blocked, id=18880, stack(0x000000ddb5700000,0x000000ddb5800000)]
  0x0000027626204e20 JavaThread "Common-Cleaner" daemon [_thread_blocked, id=4088, stack(0x000000ddb5900000,0x000000ddb5a00000)]
  0x000002762bc66130 JavaThread "Java2D Disposer" daemon [_thread_blocked, id=21204, stack(0x000000ddb5f00000,0x000000ddb6000000)]

Other Threads:
=>0x00000276257955e0 VMThread "VM Thread" [stack: 0x000000ddb4e00000,0x000000ddb4f00000] [id=9548]
  0x0000027600330180 GCTaskThread "GC Thread#0" [stack: 0x000000ddb4900000,0x000000ddb4a00000] [id=9704]
  0x000002762629e260 GCTaskThread "GC Thread#1" [stack: 0x000000ddb6100000,0x000000ddb6200000] [id=21244]
  0x000002762629f580 GCTaskThread "GC Thread#2" [stack: 0x000000ddb6200000,0x000000ddb6300000] [id=16492]
  0x000002762629f8b0 GCTaskThread "GC Thread#3" [stack: 0x000000ddb6300000,0x000000ddb6400000] [id=24180]
  0x000002762629d8d0 GCTaskThread "GC Thread#4" [stack: 0x000000ddb6400000,0x000000ddb6500000] [id=2912]
  0x00000276262a0bd0 GCTaskThread "GC Thread#5" [stack: 0x000000ddb6500000,0x000000ddb6600000] [id=5008]
  0x00000276262a1230 GCTaskThread "GC Thread#6" [stack: 0x000000ddb6600000,0x000000ddb6700000] [id=18400]
  0x000002762629e590 GCTaskThread "GC Thread#7" [stack: 0x000000ddb6700000,0x000000ddb6800000] [id=19624]
  0x0000027600341eb0 ConcurrentGCThread "G1 Main Marker" [stack: 0x000000ddb4a00000,0x000000ddb4b00000] [id=1480]
  0x0000027600342aa0 ConcurrentGCThread "G1 Conc#0" [stack: 0x000000ddb4b00000,0x000000ddb4c00000] [id=1868]
  0x00000276262a0f00 ConcurrentGCThread "G1 Conc#1" [stack: 0x000000ddb6000000,0x000000ddb6100000] [id=6260]
  0x00000276256120c0 ConcurrentGCThread "G1 Refine#0" [stack: 0x000000ddb4c00000,0x000000ddb4d00000] [id=13896]
  0x0000027625612ad0 ConcurrentGCThread "G1 Young RemSet Sampling" [stack: 0x000000ddb4d00000,0x000000ddb4e00000] [id=18284]

Threads with active compile tasks:

VM state: at safepoint (shutting down)

VM Mutex/Monitor currently owned by a thread:  ([mutex/lock_event])
[0x00000276002db750] Threads_lock - owner thread: 0x00000276257955e0
[0x00000276002dcd40] Heap_lock - owner thread: 0x00000276002e0100

Heap address: 0x0000000705200000, size: 4014 MB, Compressed Oops mode: Zero based, Oop shift amount: 3
CDS archive(s) mapped at: [0x0000000800000000-0x0000000800b50000-0x0000000800b50000), size 11862016, SharedBaseAddress: 0x0000000800000000, ArchiveRelocationMode: 0.
Compressed class space mapped at: 0x0000000800b50000-0x0000000840b50000, size: 1073741824
Narrow klass base: 0x0000000800000000, Narrow klass shift: 3, Narrow klass range: 0x100000000

GC Precious Log:
 CPUs: 8 total, 8 available
 Memory: 16049M
 Large Page Support: Disabled
 NUMA Support: Disabled
 Compressed Oops: Enabled (Zero based)
 Heap Region Size: 2M
 Heap Min Capacity: 8M
 Heap Initial Capacity: 252M
 Heap Max Capacity: 4014M
 Pre-touch: Disabled
 Parallel Workers: 8
 Concurrent Workers: 2
 Concurrent Refinement Workers: 8
 Periodic GC: Disabled

Heap:
 garbage-first heap   total 374784K, used 208739K [0x0000000705200000, 0x0000000800000000)
  region size 2048K, 6 young (12288K), 1 survivors (2048K)
 Metaspace       used 6238K, capacity 6346K, committed 6528K, reserved 1056768K
  class space    used 525K, capacity 568K, committed 640K, reserved 1048576K

Heap Regions: E=young(eden), S=young(survivor), O=old, HS=humongous(starts), HC=humongous(continues), CS=collection set, F=free, OA=open archive, CA=closed archive, TAMS=top-at-mark-start (previous, next)
|   0|0x0000000705200000, 0x0000000705400000, 0x0000000705400000|100%|HS|  |TAMS 0x0000000705400000, 0x0000000705200000| Complete 
|   1|0x0000000705400000, 0x0000000705600000, 0x0000000705600000|100%|HS|  |TAMS 0x0000000705600000, 0x0000000705400000| Complete 
|   2|0x0000000705600000, 0x0000000705800000, 0x0000000705800000|100%|HC|  |TAMS 0x0000000705800000, 0x0000000705600000| Complete 
|   3|0x0000000705800000, 0x0000000705a00000, 0x0000000705a00000|100%|HC|  |TAMS 0x0000000705a00000, 0x0000000705800000| Complete 
|   4|0x0000000705a00000, 0x0000000705c00000, 0x0000000705c00000|100%|HC|  |TAMS 0x0000000705c00000, 0x0000000705a00000| Complete 
|   5|0x0000000705c00000, 0x0000000705e00000, 0x0000000705e00000|100%|HS|  |TAMS 0x0000000705e00000, 0x0000000705c00000| Complete 
|   6|0x0000000705e00000, 0x0000000706000000, 0x0000000706000000|100%|HC|  |TAMS 0x0000000706000000, 0x0000000705e00000| Complete 
|   7|0x0000000706000000, 0x0000000706200000, 0x0000000706200000|100%|HC|  |TAMS 0x0000000706200000, 0x0000000706000000| Complete 
|   8|0x0000000706200000, 0x0000000706400000, 0x0000000706400000|100%|HC|  |TAMS 0x0000000706400000, 0x0000000706200000| Complete 
|   9|0x0000000706400000, 0x0000000706600000, 0x0000000706600000|100%|HS|  |TAMS 0x0000000706600000, 0x0000000706400000| Complete 
|  10|0x0000000706600000, 0x0000000706800000, 0x0000000706800000|100%|HC|  |TAMS 0x0000000706800000, 0x0000000706600000| Complete 
|  11|0x0000000706800000, 0x0000000706a00000, 0x0000000706a00000|100%|HC|  |TAMS 0x0000000706a00000, 0x0000000706800000| Complete 
|  12|0x0000000706a00000, 0x0000000706c00000, 0x0000000706c00000|100%|HC|  |TAMS 0x0000000706c00000, 0x0000000706a00000| Complete 
|  13|0x0000000706c00000, 0x0000000706e00000, 0x0000000706e00000|100%|HS|  |TAMS 0x0000000706e00000, 0x0000000706c00000| Complete 
|  14|0x0000000706e00000, 0x0000000707000000, 0x0000000707000000|100%|HC|  |TAMS 0x0000000707000000, 0x0000000706e00000| Complete 
|  15|0x0000000707000000, 0x0000000707200000, 0x0000000707200000|100%|HC|  |TAMS 0x0000000707200000, 0x0000000707000000| Complete 
|  16|0x0000000707200000, 0x0000000707400000, 0x0000000707400000|100%|HC|  |TAMS 0x0000000707400000, 0x0000000707200000| Complete 
|  17|0x0000000707400000, 0x0000000707600000, 0x0000000707600000|100%|HS|  |TAMS 0x0000000707600000, 0x0000000707400000| Complete 
|  18|0x0000000707600000, 0x0000000707800000, 0x0000000707800000|100%|HC|  |TAMS 0x0000000707800000, 0x0000000707600000| Complete 
|  19|0x0000000707800000, 0x0000000707a00000, 0x0000000707a00000|100%|HC|  |TAMS 0x0000000707a00000, 0x0000000707800000| Complete 
|  20|0x0000000707a00000, 0x0000000707c00000, 0x0000000707c00000|100%|HC|  |TAMS 0x0000000707c00000, 0x0000000707a00000| Complete 
|  21|0x0000000707c00000, 0x0000000707e00000, 0x0000000707e00000|100%|HS|  |TAMS 0x0000000707e00000, 0x0000000707c00000| Complete 
|  22|0x0000000707e00000, 0x0000000708000000, 0x0000000708000000|100%|HC|  |TAMS 0x0000000708000000, 0x0000000707e00000| Complete 
|  23|0x0000000708000000, 0x0000000708200000, 0x0000000708200000|100%|HC|  |TAMS 0x0000000708200000, 0x0000000708000000| Complete 
|  24|0x0000000708200000, 0x0000000708400000, 0x0000000708400000|100%|HC|  |TAMS 0x0000000708400000, 0x0000000708200000| Complete 
|  25|0x0000000708400000, 0x0000000708600000, 0x0000000708600000|100%|HS|  |TAMS 0x0000000708600000, 0x0000000708400000| Complete 
|  26|0x0000000708600000, 0x0000000708800000, 0x0000000708800000|100%|HC|  |TAMS 0x0000000708800000, 0x0000000708600000| Complete 
|  27|0x0000000708800000, 0x0000000708a00000, 0x0000000708a00000|100%|HC|  |TAMS 0x0000000708a00000, 0x0000000708800000| Complete 
|  28|0x0000000708a00000, 0x0000000708c00000, 0x0000000708c00000|100%|HC|  |TAMS 0x0000000708c00000, 0x0000000708a00000| Complete 
|  29|0x0000000708c00000, 0x0000000708e00000, 0x0000000708e00000|100%|HS|  |TAMS 0x0000000708e00000, 0x0000000708c00000| Complete 
|  30|0x0000000708e00000, 0x0000000709000000, 0x0000000709000000|100%|HC|  |TAMS 0x0000000709000000, 0x0000000708e00000| Complete 
|  31|0x0000000709000000, 0x0000000709200000, 0x0000000709200000|100%|HC|  |TAMS 0x0000000709200000, 0x0000000709000000| Complete 
|  32|0x0000000709200000, 0x0000000709400000, 0x0000000709400000|100%|HC|  |TAMS 0x0000000709400000, 0x0000000709200000| Complete 
|  33|0x0000000709400000, 0x0000000709600000, 0x0000000709600000|100%|HS|  |TAMS 0x0000000709600000, 0x0000000709400000| Complete 
|  34|0x0000000709600000, 0x0000000709800000, 0x0000000709800000|100%|HC|  |TAMS 0x0000000709800000, 0x0000000709600000| Complete 
|  35|0x0000000709800000, 0x0000000709a00000, 0x0000000709a00000|100%|HC|  |TAMS 0x0000000709a00000, 0x0000000709800000| Complete 
|  36|0x0000000709a00000, 0x0000000709c00000, 0x0000000709c00000|100%|HC|  |TAMS 0x0000000709c00000, 0x0000000709a00000| Complete 
|  37|0x0000000709c00000, 0x0000000709e00000, 0x0000000709e00000|100%|HS|  |TAMS 0x0000000709e00000, 0x0000000709c00000| Complete 
|  38|0x0000000709e00000, 0x000000070a000000, 0x000000070a000000|100%|HC|  |TAMS 0x000000070a000000, 0x0000000709e00000| Complete 
|  39|0x000000070a000000, 0x000000070a200000, 0x000000070a200000|100%|HC|  |TAMS 0x000000070a200000, 0x000000070a000000| Complete 
|  40|0x000000070a200000, 0x000000070a400000, 0x000000070a400000|100%|HC|  |TAMS 0x000000070a400000, 0x000000070a200000| Complete 
|  41|0x000000070a400000, 0x000000070a600000, 0x000000070a600000|100%|HS|  |TAMS 0x000000070a600000, 0x000000070a400000| Complete 
|  42|0x000000070a600000, 0x000000070a800000, 0x000000070a800000|100%|HC|  |TAMS 0x000000070a800000, 0x000000070a600000| Complete 
|  43|0x000000070a800000, 0x000000070aa00000, 0x000000070aa00000|100%|HC|  |TAMS 0x000000070aa00000, 0x000000070a800000| Complete 
|  44|0x000000070aa00000, 0x000000070ac00000, 0x000000070ac00000|100%|HC|  |TAMS 0x000000070ac00000, 0x000000070aa00000| Complete 
|  45|0x000000070ac00000, 0x000000070ae00000, 0x000000070ae00000|100%|HS|  |TAMS 0x000000070ae00000, 0x000000070ac00000| Complete 
|  46|0x000000070ae00000, 0x000000070b000000, 0x000000070b000000|100%|HC|  |TAMS 0x000000070b000000, 0x000000070ae00000| Complete 
|  47|0x000000070b000000, 0x000000070b200000, 0x000000070b200000|100%|HC|  |TAMS 0x000000070b200000, 0x000000070b000000| Complete 
|  48|0x000000070b200000, 0x000000070b400000, 0x000000070b400000|100%|HC|  |TAMS 0x000000070b400000, 0x000000070b200000| Complete 
|  49|0x000000070b400000, 0x000000070b600000, 0x000000070b600000|100%|HS|  |TAMS 0x000000070b600000, 0x000000070b400000| Complete 
|  50|0x000000070b600000, 0x000000070b800000, 0x000000070b800000|100%|HC|  |TAMS 0x000000070b800000, 0x000000070b600000| Complete 
|  51|0x000000070b800000, 0x000000070ba00000, 0x000000070ba00000|100%|HC|  |TAMS 0x000000070ba00000, 0x000000070b800000| Complete 
|  52|0x000000070ba00000, 0x000000070bc00000, 0x000000070bc00000|100%|HC|  |TAMS 0x000000070bc00000, 0x000000070ba00000| Complete 
|  53|0x000000070bc00000, 0x000000070be00000, 0x000000070be00000|100%|HS|  |TAMS 0x000000070be00000, 0x000000070bc00000| Complete 
|  54|0x000000070be00000, 0x000000070c000000, 0x000000070c000000|100%|HC|  |TAMS 0x000000070c000000, 0x000000070be00000| Complete 
|  55|0x000000070c000000, 0x000000070c200000, 0x000000070c200000|100%|HC|  |TAMS 0x000000070c200000, 0x000000070c000000| Complete 
|  56|0x000000070c200000, 0x000000070c400000, 0x000000070c400000|100%|HC|  |TAMS 0x000000070c400000, 0x000000070c200000| Complete 
|  57|0x000000070c400000, 0x000000070c600000, 0x000000070c600000|100%|HS|  |TAMS 0x000000070c600000, 0x000000070c400000| Complete 
|  58|0x000000070c600000, 0x000000070c800000, 0x000000070c800000|100%|HC|  |TAMS 0x000000070c800000, 0x000000070c600000| Complete 
|  59|0x000000070c800000, 0x000000070ca00000, 0x000000070ca00000|100%|HC|  |TAMS 0x000000070ca00000, 0x000000070c800000| Complete 
|  60|0x000000070ca00000, 0x000000070cc00000, 0x000000070cc00000|100%|HC|  |TAMS 0x000000070cc00000, 0x000000070ca00000| Complete 
|  61|0x000000070cc00000, 0x000000070ce00000, 0x000000070ce00000|100%|HS|  |TAMS 0x000000070ce00000, 0x000000070cc00000| Complete 
|  62|0x000000070ce00000, 0x000000070d000000, 0x000000070d000000|100%|HC|  |TAMS 0x000000070d000000, 0x000000070ce00000| Complete 
|  63|0x000000070d000000, 0x000000070d200000, 0x000000070d200000|100%|HC|  |TAMS 0x000000070d200000, 0x000000070d000000| Complete 
|  64|0x000000070d200000, 0x000000070d400000, 0x000000070d400000|100%|HC|  |TAMS 0x000000070d400000, 0x000000070d200000| Complete 
|  65|0x000000070d400000, 0x000000070d600000, 0x000000070d600000|100%|HS|  |TAMS 0x000000070d600000, 0x000000070d400000| Complete 
|  66|0x000000070d600000, 0x000000070d800000, 0x000000070d800000|100%|HC|  |TAMS 0x000000070d800000, 0x000000070d600000| Complete 
|  67|0x000000070d800000, 0x000000070da00000, 0x000000070da00000|100%|HC|  |TAMS 0x000000070da00000, 0x000000070d800000| Complete 
|  68|0x000000070da00000, 0x000000070dc00000, 0x000000070dc00000|100%|HC|  |TAMS 0x000000070dc00000, 0x000000070da00000| Complete 
|  69|0x000000070dc00000, 0x000000070de00000, 0x000000070de00000|100%|HS|  |TAMS 0x000000070de00000, 0x000000070dc00000| Complete 
|  70|0x000000070de00000, 0x000000070e000000, 0x000000070e000000|100%|HC|  |TAMS 0x000000070e000000, 0x000000070de00000| Complete 
|  71|0x000000070e000000, 0x000000070e200000, 0x000000070e200000|100%|HC|  |TAMS 0x000000070e200000, 0x000000070e000000| Complete 
|  72|0x000000070e200000, 0x000000070e400000, 0x000000070e400000|100%|HC|  |TAMS 0x000000070e400000, 0x000000070e200000| Complete 
|  73|0x000000070e400000, 0x000000070e600000, 0x000000070e600000|100%|HS|  |TAMS 0x000000070e600000, 0x000000070e400000| Complete 
|  74|0x000000070e600000, 0x000000070e800000, 0x000000070e800000|100%|HC|  |TAMS 0x000000070e800000, 0x000000070e600000| Complete 
|  75|0x000000070e800000, 0x000000070ea00000, 0x000000070ea00000|100%|HC|  |TAMS 0x000000070ea00000, 0x000000070e800000| Complete 
|  76|0x000000070ea00000, 0x000000070ec00000, 0x000000070ec00000|100%|HC|  |TAMS 0x000000070ec00000, 0x000000070ea00000| Complete 
|  77|0x000000070ec00000, 0x000000070ee00000, 0x000000070ee00000|100%|HS|  |TAMS 0x000000070ee00000, 0x000000070ec00000| Complete 
|  78|0x000000070ee00000, 0x000000070f000000, 0x000000070f000000|100%|HC|  |TAMS 0x000000070f000000, 0x000000070ee00000| Complete 
|  79|0x000000070f000000, 0x000000070f200000, 0x000000070f200000|100%|HC|  |TAMS 0x000000070f200000, 0x000000070f000000| Complete 
|  80|0x000000070f200000, 0x000000070f400000, 0x000000070f400000|100%|HC|  |TAMS 0x000000070f400000, 0x000000070f200000| Complete 
|  81|0x000000070f400000, 0x000000070f600000, 0x000000070f600000|100%|HS|  |TAMS 0x000000070f600000, 0x000000070f400000| Complete 
|  82|0x000000070f600000, 0x000000070f800000, 0x000000070f800000|100%|HC|  |TAMS 0x000000070f800000, 0x000000070f600000| Complete 
|  83|0x000000070f800000, 0x000000070fa00000, 0x000000070fa00000|100%|HC|  |TAMS 0x000000070fa00000, 0x000000070f800000| Complete 
|  84|0x000000070fa00000, 0x000000070fc00000, 0x000000070fc00000|100%|HC|  |TAMS 0x000000070fc00000, 0x000000070fa00000| Complete 
|  85|0x000000070fc00000, 0x000000070fe00000, 0x000000070fe00000|100%|HS|  |TAMS 0x000000070fe00000, 0x000000070fc00000| Complete 
|  86|0x000000070fe00000, 0x0000000710000000, 0x0000000710000000|100%|HC|  |TAMS 0x0000000710000000, 0x000000070fe00000| Complete 
|  87|0x0000000710000000, 0x0000000710200000, 0x0000000710200000|100%|HC|  |TAMS 0x0000000710200000, 0x0000000710000000| Complete 
|  88|0x0000000710200000, 0x0000000710400000, 0x0000000710400000|100%|HC|  |TAMS 0x0000000710400000, 0x0000000710200000| Complete 
|  89|0x0000000710400000, 0x0000000710600000, 0x0000000710600000|100%|HS|  |TAMS 0x0000000710600000, 0x0000000710400000| Complete 
|  90|0x0000000710600000, 0x0000000710800000, 0x0000000710800000|100%|HC|  |TAMS 0x0000000710800000, 0x0000000710600000| Complete 
|  91|0x0000000710800000, 0x0000000710a00000, 0x0000000710a00000|100%|HC|  |TAMS 0x0000000710a00000, 0x0000000710800000| Complete 
|  92|0x0000000710a00000, 0x0000000710c00000, 0x0000000710c00000|100%|HC|  |TAMS 0x0000000710c00000, 0x0000000710a00000| Complete 
|  93|0x0000000710c00000, 0x0000000710e00000, 0x0000000710e00000|100%|HS|  |TAMS 0x0000000710c00000, 0x0000000710c00000| Complete 
|  94|0x0000000710e00000, 0x0000000711000000, 0x0000000711000000|100%|HC|  |TAMS 0x0000000710e00000, 0x0000000710e00000| Complete 
|  95|0x0000000711000000, 0x0000000711200000, 0x0000000711200000|100%|HC|  |TAMS 0x0000000711000000, 0x0000000711000000| Complete 
|  96|0x0000000711200000, 0x0000000711400000, 0x0000000711400000|100%|HC|  |TAMS 0x0000000711200000, 0x0000000711200000| Complete 
|  97|0x0000000711400000, 0x0000000711400000, 0x0000000711600000|  0%| F|  |TAMS 0x0000000711400000, 0x0000000711400000| Untracked 
|  98|0x0000000711600000, 0x0000000711600000, 0x0000000711800000|  0%| F|  |TAMS 0x0000000711600000, 0x0000000711600000| Untracked 
|  99|0x0000000711800000, 0x0000000711800000, 0x0000000711a00000|  0%| F|  |TAMS 0x0000000711800000, 0x0000000711800000| Untracked 
| 100|0x0000000711a00000, 0x0000000711a00000, 0x0000000711c00000|  0%| F|  |TAMS 0x0000000711a00000, 0x0000000711a00000| Untracked 
| 101|0x0000000711c00000, 0x0000000711c00000, 0x0000000711e00000|  0%| F|  |TAMS 0x0000000711c00000, 0x0000000711c00000| Untracked 
| 102|0x0000000711e00000, 0x0000000711e00000, 0x0000000712000000|  0%| F|  |TAMS 0x0000000711e00000, 0x0000000711e00000| Untracked 
| 103|0x0000000712000000, 0x0000000712000000, 0x0000000712200000|  0%| F|  |TAMS 0x0000000712000000, 0x0000000712000000| Untracked 
| 104|0x0000000712200000, 0x0000000712200000, 0x0000000712400000|  0%| F|  |TAMS 0x0000000712200000, 0x0000000712200000| Untracked 
| 105|0x0000000712400000, 0x0000000712400000, 0x0000000712600000|  0%| F|  |TAMS 0x0000000712400000, 0x0000000712400000| Untracked 
| 106|0x0000000712600000, 0x0000000712600000, 0x0000000712800000|  0%| F|  |TAMS 0x0000000712600000, 0x0000000712600000| Untracked 
| 107|0x0000000712800000, 0x0000000712800000, 0x0000000712a00000|  0%| F|  |TAMS 0x0000000712800000, 0x0000000712800000| Untracked 
| 108|0x0000000712a00000, 0x0000000712a00000, 0x0000000712c00000|  0%| F|  |TAMS 0x0000000712a00000, 0x0000000712a00000| Untracked 
| 109|0x0000000712c00000, 0x0000000712c00000, 0x0000000712e00000|  0%| F|  |TAMS 0x0000000712c00000, 0x0000000712c00000| Untracked 
| 110|0x0000000712e00000, 0x0000000712e00000, 0x0000000713000000|  0%| F|  |TAMS 0x0000000712e00000, 0x0000000712e00000| Untracked 
| 111|0x0000000713000000, 0x0000000713000000, 0x0000000713200000|  0%| F|  |TAMS 0x0000000713000000, 0x0000000713000000| Untracked 
| 112|0x0000000713200000, 0x0000000713200000, 0x0000000713400000|  0%| F|  |TAMS 0x0000000713200000, 0x0000000713200000| Untracked 
| 113|0x0000000713400000, 0x0000000713400000, 0x0000000713600000|  0%| F|  |TAMS 0x0000000713400000, 0x0000000713400000| Untracked 
| 114|0x0000000713600000, 0x0000000713600000, 0x0000000713800000|  0%| F|  |TAMS 0x0000000713600000, 0x0000000713600000| Untracked 
| 115|0x0000000713800000, 0x0000000713800000, 0x0000000713a00000|  0%| F|  |TAMS 0x0000000713800000, 0x0000000713800000| Untracked 
| 116|0x0000000713a00000, 0x0000000713a00000, 0x0000000713c00000|  0%| F|  |TAMS 0x0000000713a00000, 0x0000000713a00000| Untracked 
| 117|0x0000000713c00000, 0x0000000713c00000, 0x0000000713e00000|  0%| F|  |TAMS 0x0000000713c00000, 0x0000000713c00000| Untracked 
| 118|0x0000000713e00000, 0x0000000713e00000, 0x0000000714000000|  0%| F|  |TAMS 0x0000000713e00000, 0x0000000713e00000| Untracked 
| 119|0x0000000714000000, 0x0000000714000000, 0x0000000714200000|  0%| F|  |TAMS 0x0000000714000000, 0x0000000714000000| Untracked 
| 120|0x0000000714200000, 0x0000000714200000, 0x0000000714400000|  0%| F|  |TAMS 0x0000000714200000, 0x0000000714200000| Untracked 
| 121|0x0000000714400000, 0x0000000714400000, 0x0000000714600000|  0%| F|  |TAMS 0x0000000714400000, 0x0000000714400000| Untracked 
| 122|0x0000000714600000, 0x0000000714600000, 0x0000000714800000|  0%| F|  |TAMS 0x0000000714600000, 0x0000000714600000| Untracked 
| 123|0x0000000714800000, 0x0000000714800000, 0x0000000714a00000|  0%| F|  |TAMS 0x0000000714800000, 0x0000000714800000| Untracked 
| 124|0x0000000714a00000, 0x0000000714a00000, 0x0000000714c00000|  0%| F|  |TAMS 0x0000000714a00000, 0x0000000714a00000| Untracked 
| 125|0x0000000714c00000, 0x0000000714c00000, 0x0000000714e00000|  0%| F|  |TAMS 0x0000000714c00000, 0x0000000714c00000| Untracked 
| 126|0x0000000714e00000, 0x0000000714e00000, 0x0000000715000000|  0%| F|  |TAMS 0x0000000714e00000, 0x0000000714e00000| Untracked 
| 127|0x0000000715000000, 0x0000000715000000, 0x0000000715200000|  0%| F|  |TAMS 0x0000000715000000, 0x0000000715000000| Untracked 
| 128|0x0000000715200000, 0x0000000715200000, 0x0000000715400000|  0%| F|  |TAMS 0x0000000715200000, 0x0000000715200000| Untracked 
| 129|0x0000000715400000, 0x0000000715400000, 0x0000000715600000|  0%| F|  |TAMS 0x0000000715400000, 0x0000000715400000| Untracked 
| 130|0x0000000715600000, 0x0000000715600000, 0x0000000715800000|  0%| F|  |TAMS 0x0000000715600000, 0x0000000715600000| Untracked 
| 131|0x0000000715800000, 0x0000000715800000, 0x0000000715a00000|  0%| F|  |TAMS 0x0000000715800000, 0x0000000715800000| Untracked 
| 132|0x0000000715a00000, 0x0000000715a00000, 0x0000000715c00000|  0%| F|  |TAMS 0x0000000715a00000, 0x0000000715a00000| Untracked 
| 133|0x0000000715c00000, 0x0000000715c00000, 0x0000000715e00000|  0%| F|  |TAMS 0x0000000715c00000, 0x0000000715c00000| Untracked 
| 134|0x0000000715e00000, 0x0000000715e00000, 0x0000000716000000|  0%| F|  |TAMS 0x0000000715e00000, 0x0000000715e00000| Untracked 
| 135|0x0000000716000000, 0x0000000716000000, 0x0000000716200000|  0%| F|  |TAMS 0x0000000716000000, 0x0000000716000000| Untracked 
| 136|0x0000000716200000, 0x0000000716200000, 0x0000000716400000|  0%| F|  |TAMS 0x0000000716200000, 0x0000000716200000| Untracked 
| 137|0x0000000716400000, 0x0000000716400000, 0x0000000716600000|  0%| F|  |TAMS 0x0000000716400000, 0x0000000716400000| Untracked 
| 138|0x0000000716600000, 0x0000000716600000, 0x0000000716800000|  0%| F|  |TAMS 0x0000000716600000, 0x0000000716600000| Untracked 
| 139|0x0000000716800000, 0x0000000716800000, 0x0000000716a00000|  0%| F|  |TAMS 0x0000000716800000, 0x0000000716800000| Untracked 
| 140|0x0000000716a00000, 0x0000000716a00000, 0x0000000716c00000|  0%| F|  |TAMS 0x0000000716a00000, 0x0000000716a00000| Untracked 
| 141|0x0000000716c00000, 0x0000000716c00000, 0x0000000716e00000|  0%| F|  |TAMS 0x0000000716c00000, 0x0000000716c00000| Untracked 
| 142|0x0000000716e00000, 0x0000000716e00000, 0x0000000717000000|  0%| F|  |TAMS 0x0000000716e00000, 0x0000000716e00000| Untracked 
| 143|0x0000000717000000, 0x0000000717000000, 0x0000000717200000|  0%| F|  |TAMS 0x0000000717000000, 0x0000000717000000| Untracked 
| 144|0x0000000717200000, 0x0000000717200000, 0x0000000717400000|  0%| F|  |TAMS 0x0000000717200000, 0x0000000717200000| Untracked 
| 145|0x0000000717400000, 0x0000000717400000, 0x0000000717600000|  0%| F|  |TAMS 0x0000000717400000, 0x0000000717400000| Untracked 
| 146|0x0000000717600000, 0x0000000717600000, 0x0000000717800000|  0%| F|  |TAMS 0x0000000717600000, 0x0000000717600000| Untracked 
| 147|0x0000000717800000, 0x0000000717800000, 0x0000000717a00000|  0%| F|  |TAMS 0x0000000717800000, 0x0000000717800000| Untracked 
| 148|0x0000000717a00000, 0x0000000717a00000, 0x0000000717c00000|  0%| F|  |TAMS 0x0000000717a00000, 0x0000000717a00000| Untracked 
| 149|0x0000000717c00000, 0x0000000717c00000, 0x0000000717e00000|  0%| F|  |TAMS 0x0000000717c00000, 0x0000000717c00000| Untracked 
| 150|0x0000000717e00000, 0x0000000717e00000, 0x0000000718000000|  0%| F|  |TAMS 0x0000000717e00000, 0x0000000717e00000| Untracked 
| 151|0x0000000718000000, 0x0000000718000000, 0x0000000718200000|  0%| F|  |TAMS 0x0000000718000000, 0x0000000718000000| Untracked 
| 152|0x0000000718200000, 0x0000000718200000, 0x0000000718400000|  0%| F|  |TAMS 0x0000000718200000, 0x0000000718200000| Untracked 
| 153|0x0000000718400000, 0x0000000718400000, 0x0000000718600000|  0%| F|  |TAMS 0x0000000718400000, 0x0000000718400000| Untracked 
| 154|0x0000000718600000, 0x0000000718600000, 0x0000000718800000|  0%| F|  |TAMS 0x0000000718600000, 0x0000000718600000| Untracked 
| 155|0x0000000718800000, 0x0000000718800000, 0x0000000718a00000|  0%| F|  |TAMS 0x0000000718800000, 0x0000000718800000| Untracked 
| 156|0x0000000718a00000, 0x0000000718a00000, 0x0000000718c00000|  0%| F|  |TAMS 0x0000000718a00000, 0x0000000718a00000| Untracked 
| 157|0x0000000718c00000, 0x0000000718c00000, 0x0000000718e00000|  0%| F|  |TAMS 0x0000000718c00000, 0x0000000718c00000| Untracked 
| 158|0x0000000718e00000, 0x0000000718e00000, 0x0000000719000000|  0%| F|  |TAMS 0x0000000718e00000, 0x0000000718e00000| Untracked 
| 159|0x0000000719000000, 0x0000000719000000, 0x0000000719200000|  0%| F|  |TAMS 0x0000000719000000, 0x0000000719000000| Untracked 
| 160|0x0000000719200000, 0x0000000719200000, 0x0000000719400000|  0%| F|  |TAMS 0x0000000719200000, 0x0000000719200000| Untracked 
| 161|0x0000000719400000, 0x0000000719400000, 0x0000000719600000|  0%| F|  |TAMS 0x0000000719400000, 0x0000000719400000| Untracked 
| 162|0x0000000719600000, 0x0000000719600000, 0x0000000719800000|  0%| F|  |TAMS 0x0000000719600000, 0x0000000719600000| Untracked 
| 163|0x0000000719800000, 0x0000000719800000, 0x0000000719a00000|  0%| F|  |TAMS 0x0000000719800000, 0x0000000719800000| Untracked 
| 164|0x0000000719a00000, 0x0000000719a00000, 0x0000000719c00000|  0%| F|  |TAMS 0x0000000719a00000, 0x0000000719a00000| Untracked 
| 165|0x0000000719c00000, 0x0000000719c00000, 0x0000000719e00000|  0%| F|  |TAMS 0x0000000719c00000, 0x0000000719c00000| Untracked 
| 166|0x0000000719e00000, 0x0000000719e00000, 0x000000071a000000|  0%| F|  |TAMS 0x0000000719e00000, 0x0000000719e00000| Untracked 
| 167|0x000000071a000000, 0x000000071a000000, 0x000000071a200000|  0%| F|  |TAMS 0x000000071a000000, 0x000000071a000000| Untracked 
| 168|0x000000071a200000, 0x000000071a200000, 0x000000071a400000|  0%| F|  |TAMS 0x000000071a200000, 0x000000071a200000| Untracked 
| 169|0x000000071a400000, 0x000000071a400000, 0x000000071a600000|  0%| F|  |TAMS 0x000000071a400000, 0x000000071a400000| Untracked 
| 170|0x000000071a600000, 0x000000071a600000, 0x000000071a800000|  0%| F|  |TAMS 0x000000071a600000, 0x000000071a600000| Untracked 
| 171|0x000000071a800000, 0x000000071a800000, 0x000000071aa00000|  0%| F|  |TAMS 0x000000071a800000, 0x000000071a800000| Untracked 
| 172|0x000000071aa00000, 0x000000071aa00000, 0x000000071ac00000|  0%| F|  |TAMS 0x000000071aa00000, 0x000000071aa00000| Untracked 
| 173|0x000000071ac00000, 0x000000071ac00000, 0x000000071ae00000|  0%| F|  |TAMS 0x000000071ac00000, 0x000000071ac00000| Untracked 
| 174|0x000000071ae00000, 0x000000071ae00000, 0x000000071b000000|  0%| F|  |TAMS 0x000000071ae00000, 0x000000071ae00000| Untracked 
| 175|0x000000071b000000, 0x000000071b000000, 0x000000071b200000|  0%| F|  |TAMS 0x000000071b000000, 0x000000071b000000| Untracked 
| 176|0x000000071b200000, 0x000000071b200000, 0x000000071b400000|  0%| F|  |TAMS 0x000000071b200000, 0x000000071b200000| Untracked 
| 177|0x000000071b400000, 0x000000071b500800, 0x000000071b600000| 50%| E|  |TAMS 0x000000071b400000, 0x000000071b400000| Complete 
| 178|0x000000071b600000, 0x000000071b7d8db8, 0x000000071b800000| 92%| S|CS|TAMS 0x000000071b600000, 0x000000071b600000| Complete 
| 179|0x000000071b800000, 0x000000071ba00000, 0x000000071ba00000|100%| E|CS|TAMS 0x000000071b800000, 0x000000071b800000| Complete 
| 180|0x000000071ba00000, 0x000000071bc00000, 0x000000071bc00000|100%| E|CS|TAMS 0x000000071ba00000, 0x000000071ba00000| Complete 
| 181|0x000000071bc00000, 0x000000071be00000, 0x000000071be00000|100%| E|CS|TAMS 0x000000071bc00000, 0x000000071bc00000| Complete 
| 182|0x000000071be00000, 0x000000071c000000, 0x000000071c000000|100%| E|CS|TAMS 0x000000071be00000, 0x000000071be00000| Complete 

Card table byte_map: [0x0000027619f50000,0x000002761a730000] _byte_map_base: 0x0000027616727000

Marking Bits (Prev, Next): (CMBitMap*) 0x00000276003309f0, (CMBitMap*) 0x0000027600330a30
 Prev Bits: [0x000002761af10000, 0x000002761edc8000)
 Next Bits: [0x000002761edd0000, 0x0000027622c88000)

Polling page: 0x0000027609cd0000

Metaspace:

Usage:
  Non-class:      5.64 MB capacity,     5.58 MB ( 99%) used,    57.36 KB ( <1%) free+waste,     7.50 KB ( <1%) overhead. 
      Class:    568.00 KB capacity,   525.08 KB ( 92%) used,    39.61 KB (  7%) free+waste,     3.31 KB ( <1%) overhead. 
       Both:      6.20 MB capacity,     6.09 MB ( 98%) used,    96.97 KB (  2%) free+waste,    10.81 KB ( <1%) overhead. 

Virtual space:
  Non-class space:        8.00 MB reserved,       5.75 MB ( 72%) committed 
      Class space:        1.00 GB reserved,     640.00 KB ( <1%) committed 
             Both:        1.01 GB reserved,       6.38 MB ( <1%) committed 

Chunk freelists:
   Non-Class:  46.00 KB
       Class:  8.00 KB
        Both:  54.00 KB

MaxMetaspaceSize: 17179869184.00 GB
CompressedClassSpaceSize: 1.00 GB

CodeHeap 'non-profiled nmethods': size=120000Kb used=344Kb max_used=344Kb free=119655Kb
 bounds [0x00000276117c0000, 0x0000027611a30000, 0x0000027618cf0000]
CodeHeap 'profiled nmethods': size=120000Kb used=1348Kb max_used=1348Kb free=118651Kb
 bounds [0x000002760a290000, 0x000002760a500000, 0x00000276117c0000]
CodeHeap 'non-nmethods': size=5760Kb used=1314Kb max_used=1340Kb free=4445Kb
 bounds [0x0000027609cf0000, 0x0000027609f60000, 0x000002760a290000]
 total_blobs=1535 nmethods=933 adapters=515
 compilation: enabled
              stopped_count=0, restarted_count=0
 full_count=0

Compilation events (20 events):
Event: 1.028 Thread 0x00000276260ca6f0 nmethod 924 0x000002760a3dd390 code [0x000002760a3dd5a0, 0x000002760a3ddd58]
Event: 1.028 Thread 0x00000276260ca6f0  928       3       java.util.LinkedHashMap::get (29 bytes)
Event: 1.028 Thread 0x00000276260ca6f0 nmethod 928 0x000002760a3ddf90 code [0x000002760a3de140, 0x000002760a3de378]
Event: 1.028 Thread 0x00000276260ca6f0  925       3       java.lang.ClassLoader::loadClass (7 bytes)
Event: 1.028 Thread 0x00000276260ca6f0 nmethod 925 0x000002760a3de490 code [0x000002760a3de640, 0x000002760a3de808]
Event: 1.028 Thread 0x00000276260ca6f0  926       3       jdk.internal.loader.ClassLoaders$AppClassLoader::loadClass (40 bytes)
Event: 1.029 Thread 0x00000276260ca6f0 nmethod 926 0x000002760a3de890 code [0x000002760a3deae0, 0x000002760a3df438]
Event: 1.029 Thread 0x00000276260ca6f0  929   !   3       java.util.zip.ZipFile$ZipFileInputStream::close (59 bytes)
Event: 1.029 Thread 0x00000276260ca6f0 nmethod 929 0x000002760a3df790 code [0x000002760a3df940, 0x000002760a3dfca8]
Event: 1.029 Thread 0x00000276260ca6f0  930       3       java.util.Collections$SetFromMap::remove (19 bytes)
Event: 1.029 Thread 0x00000276260ca6f0 nmethod 930 0x000002760a3dfe90 code [0x000002760a3e0040, 0x000002760a3e0268]
Event: 1.029 Thread 0x00000276260ca6f0  932       3       java.util.ArrayList::get (15 bytes)
Event: 1.030 Thread 0x00000276260ca6f0 nmethod 932 0x000002760a3e0310 code [0x000002760a3e04e0, 0x000002760a3e0808]
Event: 1.030 Thread 0x00000276260ca6f0  933       3       java.util.Objects::checkIndex (7 bytes)
Event: 1.030 Thread 0x00000276260ca6f0 nmethod 933 0x000002760a3e0990 code [0x000002760a3e0b40, 0x000002760a3e0d48]
Event: 1.030 Thread 0x00000276260ca6f0  934       3       sun.nio.cs.SingleByte$Encoder::encode (32 bytes)
Event: 1.030 Thread 0x00000276260ca6f0 nmethod 934 0x000002760a3e0e90 code [0x000002760a3e1040, 0x000002760a3e11f8]
Event: 1.035 Thread 0x00000276260c9840 nmethod 927 0x0000027611815410 code [0x00000276118155c0, 0x0000027611815a88]
Event: 1.035 Thread 0x00000276260c9840  931       4       java.nio.Buffer::limit (65 bytes)
Event: 1.036 Thread 0x00000276260c9840 nmethod 931 0x0000027611815d90 code [0x0000027611815f20, 0x0000027611815ff8]

GC Heap History (20 events):
Event: 0.766 GC heap before
{Heap before GC invocations=2 (full 0):
 garbage-first heap   total 258048K, used 165809K [0x0000000705200000, 0x0000000800000000)
  region size 2048K, 25 young (51200K), 1 survivors (2048K)
 Metaspace       used 6089K, capacity 6282K, committed 6528K, reserved 1056768K
  class space    used 506K, capacity 568K, committed 640K, reserved 1048576K
}
Event: 0.768 GC heap after
{Heap after GC invocations=3 (full 0):
 garbage-first heap   total 258048K, used 118783K [0x0000000705200000, 0x0000000800000000)
  region size 2048K, 1 young (2048K), 1 survivors (2048K)
 Metaspace       used 6089K, capacity 6282K, committed 6528K, reserved 1056768K
  class space    used 506K, capacity 568K, committed 640K, reserved 1048576K
}
Event: 0.790 GC heap before
{Heap before GC invocations=4 (full 0):
 garbage-first heap   total 258048K, used 133119K [0x0000000705200000, 0x0000000800000000)
  region size 2048K, 5 young (10240K), 1 survivors (2048K)
 Metaspace       used 6090K, capacity 6282K, committed 6528K, reserved 1056768K
  class space    used 506K, capacity 568K, committed 640K, reserved 1048576K
}
Event: 0.793 GC heap after
{Heap after GC invocations=5 (full 0):
 garbage-first heap   total 258048K, used 126895K [0x0000000705200000, 0x0000000800000000)
  region size 2048K, 1 young (2048K), 1 survivors (2048K)
 Metaspace       used 6090K, capacity 6282K, committed 6528K, reserved 1056768K
  class space    used 506K, capacity 568K, committed 640K, reserved 1048576K
}
Event: 0.814 GC heap before
{Heap before GC invocations=6 (full 0):
 garbage-first heap   total 258048K, used 141231K [0x0000000705200000, 0x0000000800000000)
  region size 2048K, 5 young (10240K), 1 survivors (2048K)
 Metaspace       used 6091K, capacity 6282K, committed 6528K, reserved 1056768K
  class space    used 506K, capacity 568K, committed 640K, reserved 1048576K
}
Event: 0.817 GC heap after
{Heap after GC invocations=7 (full 0):
 garbage-first heap   total 258048K, used 134956K [0x0000000705200000, 0x0000000800000000)
  region size 2048K, 1 young (2048K), 1 survivors (2048K)
 Metaspace       used 6091K, capacity 6282K, committed 6528K, reserved 1056768K
  class space    used 506K, capacity 568K, committed 640K, reserved 1048576K
}
Event: 0.837 GC heap before
{Heap before GC invocations=8 (full 0):
 garbage-first heap   total 258048K, used 149292K [0x0000000705200000, 0x0000000800000000)
  region size 2048K, 5 young (10240K), 1 survivors (2048K)
 Metaspace       used 6092K, capacity 6282K, committed 6528K, reserved 1056768K
  class space    used 506K, capacity 568K, committed 640K, reserved 1048576K
}
Event: 0.840 GC heap after
{Heap after GC invocations=9 (full 0):
 garbage-first heap   total 258048K, used 143197K [0x0000000705200000, 0x0000000800000000)
  region size 2048K, 1 young (2048K), 1 survivors (2048K)
 Metaspace       used 6092K, capacity 6282K, committed 6528K, reserved 1056768K
  class space    used 506K, capacity 568K, committed 640K, reserved 1048576K
}
Event: 0.865 GC heap before
{Heap before GC invocations=10 (full 0):
 garbage-first heap   total 258048K, used 157533K [0x0000000705200000, 0x0000000800000000)
  region size 2048K, 5 young (10240K), 1 survivors (2048K)
 Metaspace       used 6093K, capacity 6282K, committed 6528K, reserved 1056768K
  class space    used 506K, capacity 568K, committed 640K, reserved 1048576K
}
Event: 0.867 GC heap after
{Heap after GC invocations=11 (full 0):
 garbage-first heap   total 311296K, used 151392K [0x0000000705200000, 0x0000000800000000)
  region size 2048K, 1 young (2048K), 1 survivors (2048K)
 Metaspace       used 6093K, capacity 6282K, committed 6528K, reserved 1056768K
  class space    used 506K, capacity 568K, committed 640K, reserved 1048576K
}
Event: 0.891 GC heap before
{Heap before GC invocations=12 (full 0):
 garbage-first heap   total 311296K, used 165728K [0x0000000705200000, 0x0000000800000000)
  region size 2048K, 5 young (10240K), 1 survivors (2048K)
 Metaspace       used 6099K, capacity 6282K, committed 6528K, reserved 1056768K
  class space    used 506K, capacity 568K, committed 640K, reserved 1048576K
}
Event: 0.893 GC heap after
{Heap after GC invocations=13 (full 0):
 garbage-first heap   total 311296K, used 159640K [0x0000000705200000, 0x0000000800000000)
  region size 2048K, 1 young (2048K), 1 survivors (2048K)
 Metaspace       used 6099K, capacity 6282K, committed 6528K, reserved 1056768K
  class space    used 506K, capacity 568K, committed 640K, reserved 1048576K
}
Event: 0.915 GC heap before
{Heap before GC invocations=14 (full 0):
 garbage-first heap   total 311296K, used 173976K [0x0000000705200000, 0x0000000800000000)
  region size 2048K, 5 young (10240K), 1 survivors (2048K)
 Metaspace       used 6102K, capacity 6282K, committed 6528K, reserved 1056768K
  class space    used 506K, capacity 568K, committed 640K, reserved 1048576K
}
Event: 0.918 GC heap after
{Heap after GC invocations=15 (full 0):
 garbage-first heap   total 311296K, used 167831K [0x0000000705200000, 0x0000000800000000)
  region size 2048K, 1 young (2048K), 1 survivors (2048K)
 Metaspace       used 6102K, capacity 6282K, committed 6528K, reserved 1056768K
  class space    used 506K, capacity 568K, committed 640K, reserved 1048576K
}
Event: 0.938 GC heap before
{Heap before GC invocations=16 (full 0):
 garbage-first heap   total 311296K, used 182167K [0x0000000705200000, 0x0000000800000000)
  region size 2048K, 5 young (10240K), 1 survivors (2048K)
 Metaspace       used 6105K, capacity 6282K, committed 6528K, reserved 1056768K
  class space    used 506K, capacity 568K, committed 640K, reserved 1048576K
}
Event: 0.940 GC heap after
{Heap after GC invocations=17 (full 0):
 garbage-first heap   total 311296K, used 175983K [0x0000000705200000, 0x0000000800000000)
  region size 2048K, 1 young (2048K), 1 survivors (2048K)
 Metaspace       used 6105K, capacity 6282K, committed 6528K, reserved 1056768K
  class space    used 506K, capacity 568K, committed 640K, reserved 1048576K
}
Event: 0.961 GC heap before
{Heap before GC invocations=18 (full 0):
 garbage-first heap   total 311296K, used 190319K [0x0000000705200000, 0x0000000800000000)
  region size 2048K, 5 young (10240K), 1 survivors (2048K)
 Metaspace       used 6106K, capacity 6282K, committed 6528K, reserved 1056768K
  class space    used 506K, capacity 568K, committed 640K, reserved 1048576K
}
Event: 0.963 GC heap after
{Heap after GC invocations=19 (full 0):
 garbage-first heap   total 374784K, used 184135K [0x0000000705200000, 0x0000000800000000)
  region size 2048K, 1 young (2048K), 1 survivors (2048K)
 Metaspace       used 6106K, capacity 6282K, committed 6528K, reserved 1056768K
  class space    used 506K, capacity 568K, committed 640K, reserved 1048576K
}
Event: 0.986 GC heap before
{Heap before GC invocations=20 (full 0):
 garbage-first heap   total 374784K, used 198471K [0x0000000705200000, 0x0000000800000000)
  region size 2048K, 5 young (10240K), 1 survivors (2048K)
 Metaspace       used 6109K, capacity 6282K, committed 6528K, reserved 1056768K
  class space    used 506K, capacity 568K, committed 640K, reserved 1048576K
}
Event: 0.988 GC heap after
{Heap after GC invocations=21 (full 0):
 garbage-first heap   total 374784K, used 192355K [0x0000000705200000, 0x0000000800000000)
  region size 2048K, 1 young (2048K), 1 survivors (2048K)
 Metaspace       used 6109K, capacity 6282K, committed 6528K, reserved 1056768K
  class space    used 506K, capacity 568K, committed 640K, reserved 1048576K
}

Deoptimization events (20 events):
Event: 0.662 Thread 0x00000276002e0100 DEOPT PACKING pc=0x000002760a3b3f7f sp=0x000000ddb48fd990
Event: 0.662 Thread 0x00000276002e0100 DEOPT UNPACKING pc=0x0000027609d3f6cf sp=0x000000ddb48fce98 mode 0
Event: 0.681 Thread 0x00000276002e0100 DEOPT PACKING pc=0x000002760a3b25f4 sp=0x000000ddb48fd8f0
Event: 0.681 Thread 0x00000276002e0100 DEOPT UNPACKING pc=0x0000027609d3f6cf sp=0x000000ddb48fce08 mode 0
Event: 0.681 Thread 0x00000276002e0100 DEOPT PACKING pc=0x000002760a3b3f7f sp=0x000000ddb48fd990
Event: 0.681 Thread 0x00000276002e0100 DEOPT UNPACKING pc=0x0000027609d3f6cf sp=0x000000ddb48fce98 mode 0
Event: 0.701 Thread 0x00000276002e0100 DEOPT PACKING pc=0x000002760a3b25f4 sp=0x000000ddb48fd8f0
Event: 0.701 Thread 0x00000276002e0100 DEOPT UNPACKING pc=0x0000027609d3f6cf sp=0x000000ddb48fce08 mode 0
Event: 0.701 Thread 0x00000276002e0100 DEOPT PACKING pc=0x000002760a3b3f7f sp=0x000000ddb48fd990
Event: 0.701 Thread 0x00000276002e0100 DEOPT UNPACKING pc=0x0000027609d3f6cf sp=0x000000ddb48fce98 mode 0
Event: 0.721 Thread 0x00000276002e0100 DEOPT PACKING pc=0x000002760a3b25f4 sp=0x000000ddb48fd8f0
Event: 0.721 Thread 0x00000276002e0100 DEOPT UNPACKING pc=0x0000027609d3f6cf sp=0x000000ddb48fce08 mode 0
Event: 0.721 Thread 0x00000276002e0100 DEOPT PACKING pc=0x000002760a3b3f7f sp=0x000000ddb48fd990
Event: 0.721 Thread 0x00000276002e0100 DEOPT UNPACKING pc=0x0000027609d3f6cf sp=0x000000ddb48fce98 mode 0
Event: 0.742 Thread 0x00000276002e0100 DEOPT PACKING pc=0x000002760a3b25f4 sp=0x000000ddb48fd8f0
Event: 0.742 Thread 0x00000276002e0100 DEOPT UNPACKING pc=0x0000027609d3f6cf sp=0x000000ddb48fce08 mode 0
Event: 0.743 Thread 0x00000276002e0100 DEOPT PACKING pc=0x000002760a3b3f7f sp=0x000000ddb48fd990
Event: 0.743 Thread 0x00000276002e0100 DEOPT UNPACKING pc=0x0000027609d3f6cf sp=0x000000ddb48fce98 mode 0
Event: 0.763 Thread 0x00000276002e0100 DEOPT PACKING pc=0x000002760a3b3f7f sp=0x000000ddb48fd990
Event: 0.763 Thread 0x00000276002e0100 DEOPT UNPACKING pc=0x0000027609d3f6cf sp=0x000000ddb48fce98 mode 0

Classes unloaded (0 events):
No events

Classes redefined (0 events):
No events

Internal exceptions (11 events):
Event: 0.246 Thread 0x00000276002e0100 Exception <a 'java/lang/NoSuchMethodError'{0x0000000714839a78}: 'void java.lang.invoke.DirectMethodHandle$Holder.invokeSpecial(java.lang.Object, java.lang.Object, java.lang.Object)'> (0x0000000714839a78) 
thrown [./open/src/hotspot/share/interpreter/linkResolver.cpp, line 782]
Event: 0.251 Thread 0x00000276002e0100 Exception <a 'java/lang/ClassNotFoundException'{0x000000071484cc68}: sun/awt/resources/spi/awtProvider> (0x000000071484cc68) 
thrown [./open/src/hotspot/share/classfile/systemDictionary.cpp, line 295]
Event: 0.264 Thread 0x00000276002e0100 Exception <a 'java/io/FileNotFoundException'{0x000000071488b9f0}> (0x000000071488b9f0) 
thrown [./open/src/hotspot/share/prims/jni.cpp, line 578]
Event: 0.268 Thread 0x00000276002e0100 Exception <a 'java/io/FileNotFoundException'{0x00000007148ba200}> (0x00000007148ba200) 
thrown [./open/src/hotspot/share/prims/jni.cpp, line 578]
Event: 0.269 Thread 0x00000276002e0100 Exception <a 'java/lang/NoSuchMethodError'{0x00000007148bb3f8}: 'java.lang.Object java.lang.invoke.DirectMethodHandle$Holder.invokeStatic(java.lang.Object)'> (0x00000007148bb3f8) 
thrown [./open/src/hotspot/share/interpreter/linkResolver.cpp, line 782]
Event: 0.283 Thread 0x00000276002e0100 Exception <a 'java/lang/NoSuchMethodError'{0x0000000714911730}: 'void java.lang.invoke.DirectMethodHandle$Holder.invokeStatic(java.lang.Object, java.lang.Object)'> (0x0000000714911730) 
thrown [./open/src/hotspot/share/interpreter/linkResolver.cpp, line 782]
Event: 0.284 Thread 0x00000276002e0100 Exception <a 'java/lang/NoSuchMethodError'{0x0000000714915330}: 'void java.lang.invoke.DirectMethodHandle$Holder.invokeStaticInit(java.lang.Object, java.lang.Object)'> (0x0000000714915330) 
thrown [./open/src/hotspot/share/interpreter/linkResolver.cpp, line 782]
Event: 0.288 Thread 0x00000276002e0100 Exception <a 'java/lang/NoSuchMethodError'{0x00000007149422c0}: 'java.lang.Object java.lang.invoke.DirectMethodHandle$Holder.invokeStaticInit(java.lang.Object, int, int, int, int)'> (0x00000007149422c0) 
thrown [./open/src/hotspot/share/interpreter/linkResolver.cpp, line 782]
Event: 0.320 Thread 0x00000276002e0100 Exception <a 'java/lang/NoSuchMethodError'{0x00000007149dc2d8}: 'java.lang.Object java.lang.invoke.DirectMethodHandle$Holder.invokeStaticInit(java.lang.Object, java.lang.Object, int, int, int, int)'> (0x00000007149dc2d8) 
thrown [./open/src/hotspot/share/interpreter/linkResolver.cpp, line 782]
Event: 0.325 Thread 0x00000276002e0100 Exception <a 'java/lang/NoSuchMethodError'{0x00000007149e8e98}: 'java.lang.Object java.lang.invoke.DirectMethodHandle$Holder.invokeStaticInit(java.lang.Object)'> (0x00000007149e8e98) 
thrown [./open/src/hotspot/share/interpreter/linkResolver.cpp, line 782]
Event: 1.030 Thread 0x00000276002e0100 Exception <a 'java/io/FileNotFoundException'{0x000000071b9c6c90}> (0x000000071b9c6c90) 
thrown [./open/src/hotspot/share/prims/jni.cpp, line 578]

Events (20 events):
Event: 0.966 Executing VM operation: G1Concurrent done
Event: 0.986 Executing VM operation: G1TryInitiateConcMark
Event: 0.988 Executing VM operation: G1TryInitiateConcMark done
Event: 0.989 Executing VM operation: G1Concurrent
Event: 0.990 Executing VM operation: G1Concurrent done
Event: 0.990 Executing VM operation: G1Concurrent
Event: 0.990 Executing VM operation: G1Concurrent done
Event: 1.030 loading class java/lang/Throwable$WrappedPrintStream
Event: 1.030 loading class java/lang/Throwable$PrintStreamOrWriter
Event: 1.030 loading class java/lang/Throwable$PrintStreamOrWriter done
Event: 1.030 loading class java/lang/Throwable$WrappedPrintStream done
Event: 1.030 Thread 0x000002762dad2f60 Thread added: 0x000002762dad2f60
Event: 1.031 Thread 0x000002762db1df00 Thread added: 0x000002762db1df00
Event: 1.031 loading class java/util/WeakHashMap$KeyIterator
Event: 1.031 loading class java/util/WeakHashMap$HashIterator
Event: 1.031 loading class java/util/WeakHashMap$HashIterator done
Event: 1.031 loading class java/util/WeakHashMap$KeyIterator done
Event: 1.031 Thread 0x000002762dad2f60 Thread exited: 0x000002762dad2f60
Event: 1.043 Thread 0x000002762db1df00 Thread exited: 0x000002762db1df00
Event: 1.043 Executing VM operation: Exit


Dynamic libraries:
0x00007ff73fe10000 - 0x00007ff73fe1f000 	C:\Program Files\Java\jdk-15.0.2\bin\java.exe
0x00007ffd6d390000 - 0x00007ffd6d585000 	C:\WINDOWS\SYSTEM32\ntdll.dll
0x00007ffd6d1a0000 - 0x00007ffd6d25d000 	C:\WINDOWS\System32\KERNEL32.DLL
0x00007ffd6ac90000 - 0x00007ffd6af59000 	C:\WINDOWS\System32\KERNELBASE.dll
0x00007ffd6af60000 - 0x00007ffd6b060000 	C:\WINDOWS\System32\ucrtbase.dll
0x00007ffd63080000 - 0x00007ffd63098000 	C:\Program Files\Java\jdk-15.0.2\bin\jli.dll
0x00007ffd630a0000 - 0x00007ffd630b9000 	C:\Program Files\Java\jdk-15.0.2\bin\VCRUNTIME140.dll
0x00007ffd6cff0000 - 0x00007ffd6d09c000 	C:\WINDOWS\System32\ADVAPI32.dll
0x00007ffd6cd70000 - 0x00007ffd6ce0e000 	C:\WINDOWS\System32\msvcrt.dll
0x00007ffd6c1c0000 - 0x00007ffd6c25b000 	C:\WINDOWS\System32\sechost.dll
0x00007ffd6bfb0000 - 0x00007ffd6c0da000 	C:\WINDOWS\System32\RPCRT4.dll
0x00007ffd6ce10000 - 0x00007ffd6cfb0000 	C:\WINDOWS\System32\USER32.dll
0x00007ffd6ac60000 - 0x00007ffd6ac82000 	C:\WINDOWS\System32\win32u.dll
0x00007ffd6d170000 - 0x00007ffd6d19a000 	C:\WINDOWS\System32\GDI32.dll
0x00007ffd585e0000 - 0x00007ffd5887a000 	C:\WINDOWS\WinSxS\amd64_microsoft.windows.common-controls_6595b64144ccf1df_6.0.19041.1083_none_60bbe31371f34e71\COMCTL32.dll
0x00007ffd6b0c0000 - 0x00007ffd6b1cb000 	C:\WINDOWS\System32\gdi32full.dll
0x00007ffd6b360000 - 0x00007ffd6b3fd000 	C:\WINDOWS\System32\msvcp_win.dll
0x00007ffd5e820000 - 0x00007ffd5e82a000 	C:\WINDOWS\SYSTEM32\VERSION.dll
0x00007ffd6cfb0000 - 0x00007ffd6cfe0000 	C:\WINDOWS\System32\IMM32.DLL
0x00007ffd63070000 - 0x00007ffd6307c000 	C:\Program Files\Java\jdk-15.0.2\bin\vcruntime140_1.dll
0x00007ffd459e0000 - 0x00007ffd45a71000 	C:\Program Files\Java\jdk-15.0.2\bin\msvcp140.dll
0x00007ffcc7580000 - 0x00007ffcc80de000 	C:\Program Files\Java\jdk-15.0.2\bin\server\jvm.dll
0x00007ffd6d0a0000 - 0x00007ffd6d0a8000 	C:\WINDOWS\System32\PSAPI.DLL
0x00007ffd009a0000 - 0x00007ffd009a9000 	C:\WINDOWS\SYSTEM32\WSOCK32.dll
0x00007ffd56410000 - 0x00007ffd56437000 	C:\WINDOWS\SYSTEM32\WINMM.dll
0x00007ffd6c260000 - 0x00007ffd6c2cb000 	C:\WINDOWS\System32\WS2_32.dll
0x00007ffd69370000 - 0x00007ffd69382000 	C:\WINDOWS\SYSTEM32\kernel.appcore.dll
0x00007ffd63060000 - 0x00007ffd6306a000 	C:\Program Files\Java\jdk-15.0.2\bin\jimage.dll
0x00007ffd69160000 - 0x00007ffd69344000 	C:\WINDOWS\SYSTEM32\DBGHELP.DLL
0x00007ffd56df0000 - 0x00007ffd56e1c000 	C:\WINDOWS\SYSTEM32\dbgcore.DLL
0x00007ffd6ab20000 - 0x00007ffd6aba3000 	C:\WINDOWS\System32\bcryptPrimitives.dll
0x00007ffd63030000 - 0x00007ffd63055000 	C:\Program Files\Java\jdk-15.0.2\bin\java.dll
0x00007ffd6c2d0000 - 0x00007ffd6ca0f000 	C:\WINDOWS\System32\SHELL32.dll
0x00007ffd658a0000 - 0x00007ffd66031000 	C:\WINDOWS\SYSTEM32\windows.storage.dll
0x00007ffd6ca10000 - 0x00007ffd6cd65000 	C:\WINDOWS\System32\combase.dll
0x00007ffd6a4d0000 - 0x00007ffd6a4fc000 	C:\WINDOWS\SYSTEM32\Wldp.dll
0x00007ffd6be40000 - 0x00007ffd6beee000 	C:\WINDOWS\System32\SHCORE.dll
0x00007ffd6d110000 - 0x00007ffd6d165000 	C:\WINDOWS\System32\shlwapi.dll
0x00007ffd6aa10000 - 0x00007ffd6aa2f000 	C:\WINDOWS\SYSTEM32\profapi.dll
0x00007ffd5f550000 - 0x00007ffd5f569000 	C:\Program Files\Java\jdk-15.0.2\bin\net.dll
0x00007ffd61c20000 - 0x00007ffd61d2a000 	C:\WINDOWS\SYSTEM32\WINHTTP.dll
0x00007ffd6a230000 - 0x00007ffd6a29a000 	C:\WINDOWS\system32\mswsock.dll
0x00007ffd5f4f0000 - 0x00007ffd5f502000 	C:\Program Files\Java\jdk-15.0.2\bin\nio.dll
0x00007ffd5f590000 - 0x00007ffd5f5a8000 	C:\Program Files\Java\jdk-15.0.2\bin\zip.dll
0x00007ffd5f5e0000 - 0x00007ffd5f5f0000 	C:\Program Files\Java\jdk-15.0.2\bin\verify.dll
0x0000000180000000 - 0x0000000180051000 	C:\Users\Steven Zhu\AppData\Local\Temp\natives-187461588\lwjgl64.dll
0x00007ffd447a0000 - 0x00007ffd448c5000 	C:\WINDOWS\SYSTEM32\OPENGL32.dll
0x00007ffd44730000 - 0x00007ffd4475c000 	C:\WINDOWS\SYSTEM32\GLU32.dll
0x00007ffd61450000 - 0x00007ffd614fe000 	C:\WINDOWS\SYSTEM32\mscms.dll
0x00007ffd61430000 - 0x00007ffd61441000 	C:\WINDOWS\SYSTEM32\ColorAdapterClient.dll
0x00007ffd6a990000 - 0x00007ffd6a9be000 	C:\WINDOWS\SYSTEM32\USERENV.dll
0x00007ffd6ba10000 - 0x00007ffd6badd000 	C:\WINDOWS\System32\OLEAUT32.dll
0x00007ffd6bf00000 - 0x00007ffd6bfa9000 	C:\WINDOWS\System32\clbcatq.dll
0x00007ffd5de10000 - 0x00007ffd5de54000 	C:\Windows\System32\Windows.Internal.Graphics.Display.DisplayColorManagement.dll
0x00007ffd6aad0000 - 0x00007ffd6ab1e000 	C:\WINDOWS\System32\cfgmgr32.dll
0x00007ffd64fa0000 - 0x00007ffd6503e000 	C:\WINDOWS\system32\uxtheme.dll
0x00007ffd6b400000 - 0x00007ffd6b515000 	C:\WINDOWS\System32\MSCTF.dll
0x00007ffd5f7c0000 - 0x00007ffd5f8b9000 	C:\Windows\System32\AppXDeploymentClient.dll
0x00007ffcbc6d0000 - 0x00007ffcbd737000 	C:\WINDOWS\System32\DriverStore\FileRepository\iigd_dch.inf_amd64_4f49892c99b2ed8d\ig11icd64.dll
0x00007ffd6bb40000 - 0x00007ffd6bc6a000 	C:\WINDOWS\System32\ole32.dll
0x00007ffd652d0000 - 0x00007ffd652ff000 	C:\WINDOWS\system32\dwmapi.dll
0x00007ffd693e0000 - 0x00007ffd694d4000 	C:\WINDOWS\system32\dxgi.dll
0x00007ffcc4210000 - 0x00007ffcc45fc000 	C:\WINDOWS\System32\DriverStore\FileRepository\iigd_dch.inf_amd64_4f49892c99b2ed8d\igdml64.dll
0x00007ffd5bb30000 - 0x00007ffd5bdf8000 	C:\WINDOWS\System32\DriverStore\FileRepository\iigd_dch.inf_amd64_4f49892c99b2ed8d\igdgmm64.dll
0x00007ffd43430000 - 0x00007ffd43529000 	C:\WINDOWS\SYSTEM32\textinputframework.dll
0x00007ffd648b0000 - 0x00007ffd64c0e000 	C:\WINDOWS\System32\CoreUIComponents.dll
0x00007ffd64c10000 - 0x00007ffd64d02000 	C:\WINDOWS\System32\CoreMessaging.dll
0x00007ffd697f0000 - 0x00007ffd69823000 	C:\WINDOWS\SYSTEM32\ntmarta.dll
0x00007ffd64100000 - 0x00007ffd64254000 	C:\WINDOWS\SYSTEM32\wintypes.dll
0x00007ffd58f60000 - 0x00007ffd5bb27000 	C:\WINDOWS\System32\DriverStore\FileRepository\iigd_dch.inf_amd64_4f49892c99b2ed8d\igc64.dll
0x00007ffd6a830000 - 0x00007ffd6a87b000 	C:\WINDOWS\SYSTEM32\powrprof.dll
0x00007ffd6a810000 - 0x00007ffd6a822000 	C:\WINDOWS\SYSTEM32\UMPDC.dll
0x00007ffcf1170000 - 0x00007ffcf12f0000 	C:\Program Files\Java\jdk-15.0.2\bin\awt.dll
0x00007ffd64e40000 - 0x00007ffd64ed0000 	C:\WINDOWS\SYSTEM32\apphelp.dll
0x00007ffd6a410000 - 0x00007ffd6a428000 	C:\WINDOWS\SYSTEM32\CRYPTSP.dll
0x00007ffd69bd0000 - 0x00007ffd69c04000 	C:\WINDOWS\system32\rsaenh.dll
0x00007ffd6b330000 - 0x00007ffd6b357000 	C:\WINDOWS\System32\bcrypt.dll
0x00007ffd6a430000 - 0x00007ffd6a43c000 	C:\WINDOWS\SYSTEM32\CRYPTBASE.dll
0x00007ffd69f20000 - 0x00007ffd69f5b000 	C:\WINDOWS\SYSTEM32\IPHLPAPI.DLL
0x00007ffd6cfe0000 - 0x00007ffd6cfe8000 	C:\WINDOWS\System32\NSI.dll
0x00007ffd5e920000 - 0x00007ffd5e937000 	C:\WINDOWS\SYSTEM32\dhcpcsvc6.DLL
0x00007ffd5ea60000 - 0x00007ffd5ea7d000 	C:\WINDOWS\SYSTEM32\dhcpcsvc.DLL
0x00007ffd69f60000 - 0x00007ffd6a02c000 	C:\WINDOWS\SYSTEM32\DNSAPI.dll

dbghelp: loaded successfully - version: 4.0.5 - missing functions: none
symbol engine: initialized successfully - sym options: 0x614 - pdb path: .;C:\Program Files\Java\jdk-15.0.2\bin;C:\WINDOWS\SYSTEM32;C:\WINDOWS\WinSxS\amd64_microsoft.windows.common-controls_6595b64144ccf1df_6.0.19041.1083_none_60bbe31371f34e71;C:\Program Files\Java\jdk-15.0.2\bin\server;C:\Users\Steven Zhu\AppData\Local\Temp\natives-187461588;C:\WINDOWS\System32\DriverStore\FileRepository\iigd_dch.inf_amd64_4f49892c99b2ed8d

VM Arguments:
jvm_args: -Djava.library.path=C:\Users\STEVEN~1\AppData\Local\Temp\\natives-187461588 
java_command: engine.MainGameLoop
java_class_path (initial): C:\MyStuff\Java\DimenQuest\versions\DQ.jar
Launcher Type: SUN_STANDARD

[Global flags]
     intx CICompilerCount                          = 4                                         {product} {ergonomic}
     uint ConcGCThreads                            = 2                                         {product} {ergonomic}
     uint G1ConcRefinementThreads                  = 8                                         {product} {ergonomic}
   size_t G1HeapRegionSize                         = 2097152                                   {product} {ergonomic}
    uintx GCDrainStackTargetSize                   = 64                                        {product} {ergonomic}
   size_t InitialHeapSize                          = 264241152                                 {product} {ergonomic}
   size_t MarkStackSize                            = 4194304                                   {product} {ergonomic}
   size_t MaxHeapSize                              = 4208984064                                {product} {ergonomic}
   size_t MaxNewSize                               = 2524971008                                {product} {ergonomic}
   size_t MinHeapDeltaBytes                        = 2097152                                   {product} {ergonomic}
   size_t MinHeapSize                              = 8388608                                   {product} {ergonomic}
    uintx NonNMethodCodeHeapSize                   = 5839372                                {pd product} {ergonomic}
    uintx NonProfiledCodeHeapSize                  = 122909434                              {pd product} {ergonomic}
    uintx ProfiledCodeHeapSize                     = 122909434                              {pd product} {ergonomic}
    uintx ReservedCodeCacheSize                    = 251658240                              {pd product} {ergonomic}
     bool SegmentedCodeCache                       = true                                      {product} {ergonomic}
   size_t SoftMaxHeapSize                          = 4208984064                             {manageable} {ergonomic}
     bool UseCompressedClassPointers               = true                                 {lp64_product} {ergonomic}
     bool UseCompressedOops                        = true                                 {lp64_product} {ergonomic}
     bool UseG1GC                                  = true                                      {product} {ergonomic}
     bool UseLargePagesIndividualAllocation        = false                                  {pd product} {ergonomic}

Logging:
Log output configuration:
 #0: stdout all=off uptime,level,tags
 #1: stderr all=off uptime,level,tags

Environment Variables:
JAVA_HOME=C:\Program Files\Java\jdk-15.0.2
PATH=C:\Program Files\Java\jdk-15.0.2\bin;C:\Program Files (x86)\ActiveState Komodo IDE 12\;C:\WINDOWS\system32;C:\WINDOWS;C:\WINDOWS\System32\Wbem;C:\WINDOWS\System32\WindowsPowerShell\v1.0\;C:\WINDOWS\System32\OpenSSH\;C:\Program Files\Git\cmd;C:\Program Files\dotnet\;C:\Program Files\Microsoft SQL Server\130\Tools\Binn\;C:\Program Files\Microsoft SQL Server\Client SDK\ODBC\170\Tools\Binn\;C:\Program Files\nodejs\;C:\Users\Steven Zhu\.cargo\bin;C:\Users\Steven Zhu\AppData\Local\Microsoft\WindowsApps;C:\Users\Steven Zhu\AppData\Local\Programs\Microsoft VS Code\bin;C:\Users\Steven Zhu\.dotnet\tools;C:\Users\Steven Zhu\.deno\bin;C:\Users\Steven Zhu\AppData\Roaming\npm;C:\Users\Steven Zhu\.dotnet\tools;C:\Users\Steven Zhu\AppData\Local\GitHubDesktop\bin;C:\Users\Steven Zhu\AppData\Local\atom\bin
USERNAME=Steven Zhu
OS=Windows_NT
PROCESSOR_IDENTIFIER=Intel64 Family 6 Model 126 Stepping 5, GenuineIntel



---------------  S Y S T E M  ---------------

OS:
 Windows 10 , 64 bit Build 19041 (10.0.19041.1023)
OS uptime: 0 days 1:17 hours

CPU: total 8 (initial active 8) (4 cores per cpu, 2 threads per core) family 6 model 126 stepping 5 microcode 0xa0, cmov, cx8, fxsr, mmx, sse, sse2, sse3, ssse3, sse4.1, sse4.2, popcnt, vzeroupper, avx, avx2, aes, clmul, erms, 3dnowpref, lzcnt, ht, tsc, tscinvbit, bmi1, bmi2, adx, avx512f, avx512dq, avx512cd, avx512bw, avx512vl, avx512_vpopcntdq, avx512_vpclmulqdq, avx512_vbmi, avx512_vbmi2, avx512_vaes, avx512_vnni, sha, fma, clflush, clflushopt

Memory: 4k page, system-wide physical 16049M (6425M free)
TotalPageFile size 28337M (AvailPageFile size 14896M)
current process WorkingSet (physical memory assigned to process): 358M, peak: 362M
current process commit charge ("private bytes"): 519M, peak: 519M

vm_info: Java HotSpot(TM) 64-Bit Server VM (15.0.2+7-27) for windows-amd64 JRE (15.0.2+7-27), built on Dec  7 2020 20:07:01 by "mach5one" with unknown MS VC++:1925

END.
